[0.081s] DEBUG:colcon:Command line arguments: ['/usr/bin/colcon', 'build']
[0.082s] DEBUG:colcon:Parsed command line arguments: Namespace(log_base=None, log_level=None, verb_name='build', build_base='build', install_base='install', merge_install=False, symlink_install=False, test_result_base=None, continue_on_error=False, executor='parallel', parallel_workers=10, event_handlers=None, ignore_user_meta=False, metas=['./colcon.meta'], base_paths=['.'], packages_ignore=None, packages_ignore_regex=None, paths=None, packages_up_to=None, packages_up_to_regex=None, packages_above=None, packages_above_and_dependencies=None, packages_above_depth=None, packages_select_by_dep=None, packages_skip_by_dep=None, packages_skip_up_to=None, packages_select_build_failed=False, packages_skip_build_finished=False, packages_select_test_failures=False, packages_skip_test_passed=False, packages_select=None, packages_skip=None, packages_select_regex=None, packages_skip_regex=None, packages_start=None, packages_end=None, allow_overriding=[], cmake_args=None, cmake_target=None, cmake_target_skip_unavailable=False, cmake_clean_cache=False, cmake_clean_first=False, cmake_force_configure=False, ament_cmake_args=None, catkin_cmake_args=None, catkin_skip_building_tests=False, verb_parser=<colcon_defaults.argument_parser.defaults.DefaultArgumentsDecorator object at 0x73120544c430>, verb_extension=<colcon_core.verb.build.BuildVerb object at 0x731205417fa0>, main=<bound method BuildVerb.main of <colcon_core.verb.build.BuildVerb object at 0x731205417fa0>>)
[0.195s] Level 1:colcon.colcon_core.package_discovery:discover_packages(colcon_meta) check parameters
[0.196s] Level 1:colcon.colcon_core.package_discovery:discover_packages(recursive) check parameters
[0.196s] Level 1:colcon.colcon_core.package_discovery:discover_packages(ignore) check parameters
[0.196s] Level 1:colcon.colcon_core.package_discovery:discover_packages(path) check parameters
[0.196s] Level 1:colcon.colcon_core.package_discovery:discover_packages(colcon_meta) discover
[0.196s] Level 1:colcon.colcon_core.package_discovery:discover_packages(recursive) discover
[0.196s] INFO:colcon.colcon_core.package_discovery:Crawling recursively for packages in '/home/gustavo/Documents/Navega-o-com-ROS'
[0.196s] Level 1:colcon.colcon_core.package_identification:_identify(.) by extensions ['ignore', 'ignore_ament_install']
[0.196s] Level 1:colcon.colcon_core.package_identification:_identify(.) by extension 'ignore'
[0.197s] Level 1:colcon.colcon_core.package_identification:_identify(.) by extension 'ignore_ament_install'
[0.197s] Level 1:colcon.colcon_core.package_identification:_identify(.) by extensions ['colcon_pkg']
[0.197s] Level 1:colcon.colcon_core.package_identification:_identify(.) by extension 'colcon_pkg'
[0.197s] Level 1:colcon.colcon_core.package_identification:_identify(.) by extensions ['colcon_meta']
[0.198s] Level 1:colcon.colcon_core.package_identification:_identify(.) by extension 'colcon_meta'
[0.198s] Level 1:colcon.colcon_core.package_identification:_identify(.) by extensions ['ros']
[0.198s] Level 1:colcon.colcon_core.package_identification:_identify(.) by extension 'ros'
[0.207s] Level 1:colcon.colcon_core.package_identification:_identify(.) by extensions ['cmake', 'python']
[0.207s] Level 1:colcon.colcon_core.package_identification:_identify(.) by extension 'cmake'
[0.207s] Level 1:colcon.colcon_core.package_identification:_identify(.) by extension 'python'
[0.207s] Level 1:colcon.colcon_core.package_identification:_identify(.) by extensions ['python_setup_py']
[0.207s] Level 1:colcon.colcon_core.package_identification:_identify(.) by extension 'python_setup_py'
[0.207s] Level 1:colcon.colcon_core.package_identification:_identify(build) by extensions ['ignore', 'ignore_ament_install']
[0.208s] Level 1:colcon.colcon_core.package_identification:_identify(build) by extension 'ignore'
[0.208s] Level 1:colcon.colcon_core.package_identification:_identify(build) ignored
[0.208s] Level 1:colcon.colcon_core.package_identification:_identify(install) by extensions ['ignore', 'ignore_ament_install']
[0.208s] Level 1:colcon.colcon_core.package_identification:_identify(install) by extension 'ignore'
[0.208s] Level 1:colcon.colcon_core.package_identification:_identify(install) ignored
[0.208s] Level 1:colcon.colcon_core.package_identification:_identify(log) by extensions ['ignore', 'ignore_ament_install']
[0.208s] Level 1:colcon.colcon_core.package_identification:_identify(log) by extension 'ignore'
[0.208s] Level 1:colcon.colcon_core.package_identification:_identify(log) ignored
[0.208s] Level 1:colcon.colcon_core.package_identification:_identify(src) by extensions ['ignore', 'ignore_ament_install']
[0.208s] Level 1:colcon.colcon_core.package_identification:_identify(src) by extension 'ignore'
[0.208s] Level 1:colcon.colcon_core.package_identification:_identify(src) by extension 'ignore_ament_install'
[0.208s] Level 1:colcon.colcon_core.package_identification:_identify(src) by extensions ['colcon_pkg']
[0.209s] Level 1:colcon.colcon_core.package_identification:_identify(src) by extension 'colcon_pkg'
[0.209s] Level 1:colcon.colcon_core.package_identification:_identify(src) by extensions ['colcon_meta']
[0.209s] Level 1:colcon.colcon_core.package_identification:_identify(src) by extension 'colcon_meta'
[0.209s] Level 1:colcon.colcon_core.package_identification:_identify(src) by extensions ['ros']
[0.209s] Level 1:colcon.colcon_core.package_identification:_identify(src) by extension 'ros'
[0.209s] Level 1:colcon.colcon_core.package_identification:_identify(src) by extensions ['cmake', 'python']
[0.209s] Level 1:colcon.colcon_core.package_identification:_identify(src) by extension 'cmake'
[0.209s] Level 1:colcon.colcon_core.package_identification:_identify(src) by extension 'python'
[0.209s] Level 1:colcon.colcon_core.package_identification:_identify(src) by extensions ['python_setup_py']
[0.209s] Level 1:colcon.colcon_core.package_identification:_identify(src) by extension 'python_setup_py'
[0.209s] Level 1:colcon.colcon_core.package_identification:_identify(src/cg) by extensions ['ignore', 'ignore_ament_install']
[0.209s] Level 1:colcon.colcon_core.package_identification:_identify(src/cg) by extension 'ignore'
[0.209s] Level 1:colcon.colcon_core.package_identification:_identify(src/cg) by extension 'ignore_ament_install'
[0.209s] Level 1:colcon.colcon_core.package_identification:_identify(src/cg) by extensions ['colcon_pkg']
[0.209s] Level 1:colcon.colcon_core.package_identification:_identify(src/cg) by extension 'colcon_pkg'
[0.209s] Level 1:colcon.colcon_core.package_identification:_identify(src/cg) by extensions ['colcon_meta']
[0.209s] Level 1:colcon.colcon_core.package_identification:_identify(src/cg) by extension 'colcon_meta'
[0.209s] Level 1:colcon.colcon_core.package_identification:_identify(src/cg) by extensions ['ros']
[0.209s] Level 1:colcon.colcon_core.package_identification:_identify(src/cg) by extension 'ros'
[0.211s] DEBUG:colcon.colcon_core.package_identification:Package 'src/cg' with type 'ros.ament_python' and name 'cg'
[0.211s] Level 1:colcon.colcon_core.package_discovery:discover_packages(recursive) using defaults
[0.211s] Level 1:colcon.colcon_core.package_discovery:discover_packages(ignore) discover
[0.211s] Level 1:colcon.colcon_core.package_discovery:discover_packages(ignore) using defaults
[0.211s] Level 1:colcon.colcon_core.package_discovery:discover_packages(path) discover
[0.211s] Level 1:colcon.colcon_core.package_discovery:discover_packages(path) using defaults
[0.234s] Level 1:colcon.colcon_core.package_discovery:discover_packages(prefix_path) check parameters
[0.234s] Level 1:colcon.colcon_core.package_discovery:discover_packages(prefix_path) discover
[0.235s] DEBUG:colcon.colcon_installed_package_information.package_discovery:Found 2 installed packages in /home/gustavo/Documents/Navega-o-com-ROS/install
[0.236s] DEBUG:colcon.colcon_installed_package_information.package_discovery:Found 270 installed packages in /opt/ros/humble
[0.237s] Level 1:colcon.colcon_core.package_discovery:discover_packages(prefix_path) using defaults
[0.272s] Level 5:colcon.colcon_core.verb:set package 'cg' build argument 'cmake_args' from command line to 'None'
[0.272s] Level 5:colcon.colcon_core.verb:set package 'cg' build argument 'cmake_target' from command line to 'None'
[0.272s] Level 5:colcon.colcon_core.verb:set package 'cg' build argument 'cmake_target_skip_unavailable' from command line to 'False'
[0.272s] Level 5:colcon.colcon_core.verb:set package 'cg' build argument 'cmake_clean_cache' from command line to 'False'
[0.272s] Level 5:colcon.colcon_core.verb:set package 'cg' build argument 'cmake_clean_first' from command line to 'False'
[0.273s] Level 5:colcon.colcon_core.verb:set package 'cg' build argument 'cmake_force_configure' from command line to 'False'
[0.273s] Level 5:colcon.colcon_core.verb:set package 'cg' build argument 'ament_cmake_args' from command line to 'None'
[0.273s] Level 5:colcon.colcon_core.verb:set package 'cg' build argument 'catkin_cmake_args' from command line to 'None'
[0.273s] Level 5:colcon.colcon_core.verb:set package 'cg' build argument 'catkin_skip_building_tests' from command line to 'False'
[0.273s] DEBUG:colcon.colcon_core.verb:Building package 'cg' with the following arguments: {'ament_cmake_args': None, 'build_base': '/home/gustavo/Documents/Navega-o-com-ROS/build/cg', 'catkin_cmake_args': None, 'catkin_skip_building_tests': False, 'cmake_args': None, 'cmake_clean_cache': False, 'cmake_clean_first': False, 'cmake_force_configure': False, 'cmake_target': None, 'cmake_target_skip_unavailable': False, 'install_base': '/home/gustavo/Documents/Navega-o-com-ROS/install/cg', 'merge_install': False, 'path': '/home/gustavo/Documents/Navega-o-com-ROS/src/cg', 'symlink_install': False, 'test_result_base': None}
[0.273s] INFO:colcon.colcon_core.executor:Executing jobs using 'parallel' executor
[0.274s] DEBUG:colcon.colcon_parallel_executor.executor.parallel:run_until_complete
[0.275s] INFO:colcon.colcon_ros.task.ament_python.build:Building ROS package in '/home/gustavo/Documents/Navega-o-com-ROS/src/cg' with build type 'ament_python'
[0.275s] Level 1:colcon.colcon_core.shell:create_environment_hook('cg', 'ament_prefix_path')
[0.280s] INFO:colcon.colcon_core.plugin_system:Skipping extension 'colcon_core.shell.bat': Not used on non-Windows systems
[0.280s] INFO:colcon.colcon_core.shell:Creating environment hook '/home/gustavo/Documents/Navega-o-com-ROS/install/cg/share/cg/hook/ament_prefix_path.ps1'
[0.282s] INFO:colcon.colcon_core.shell:Creating environment descriptor '/home/gustavo/Documents/Navega-o-com-ROS/install/cg/share/cg/hook/ament_prefix_path.dsv'
[0.282s] INFO:colcon.colcon_core.shell:Creating environment hook '/home/gustavo/Documents/Navega-o-com-ROS/install/cg/share/cg/hook/ament_prefix_path.sh'
[0.283s] INFO:colcon.colcon_core.shell:Skip shell extension 'powershell' for command environment: Not usable outside of PowerShell
[0.284s] DEBUG:colcon.colcon_core.shell:Skip shell extension 'dsv' for command environment
[0.519s] INFO:colcon.colcon_core.task.python.build:Building Python package in '/home/gustavo/Documents/Navega-o-com-ROS/src/cg'
[0.519s] INFO:colcon.colcon_core.shell:Skip shell extension 'powershell' for command environment: Not usable outside of PowerShell
[0.519s] DEBUG:colcon.colcon_core.shell:Skip shell extension 'dsv' for command environment
[0.807s] DEBUG:colcon.colcon_core.event_handler.log_command:Invoking command in '/home/gustavo/Documents/Navega-o-com-ROS/src/cg': PYTHONPATH=/home/gustavo/Documents/Navega-o-com-ROS/build/cg/prefix_override:/usr/lib/python3/dist-packages/colcon_core/task/python/colcon_distutils_commands:/home/gustavo/Documents/Navega-o-com-ROS/install/cg/lib/python3.10/site-packages:${PYTHONPATH} /usr/bin/python3 -W ignore:setup.py install is deprecated setup.py egg_info --egg-base ../../build/cg build --build-base /home/gustavo/Documents/Navega-o-com-ROS/build/cg/build install --record /home/gustavo/Documents/Navega-o-com-ROS/build/cg/install.log --single-version-externally-managed install_data
[1.124s] DEBUG:colcon.colcon_core.event_handler.log_command:Invoked command in '/home/gustavo/Documents/Navega-o-com-ROS/src/cg' returned '0': PYTHONPATH=/home/gustavo/Documents/Navega-o-com-ROS/build/cg/prefix_override:/usr/lib/python3/dist-packages/colcon_core/task/python/colcon_distutils_commands:/home/gustavo/Documents/Navega-o-com-ROS/install/cg/lib/python3.10/site-packages:${PYTHONPATH} /usr/bin/python3 -W ignore:setup.py install is deprecated setup.py egg_info --egg-base ../../build/cg build --build-base /home/gustavo/Documents/Navega-o-com-ROS/build/cg/build install --record /home/gustavo/Documents/Navega-o-com-ROS/build/cg/install.log --single-version-externally-managed install_data
[1.125s] Level 1:colcon.colcon_core.environment:checking '/home/gustavo/Documents/Navega-o-com-ROS/install/cg' for CMake module files
[1.126s] Level 1:colcon.colcon_core.environment:checking '/home/gustavo/Documents/Navega-o-com-ROS/install/cg' for CMake config files
[1.126s] Level 1:colcon.colcon_core.environment:checking '/home/gustavo/Documents/Navega-o-com-ROS/install/cg/lib'
[1.126s] Level 1:colcon.colcon_core.environment:checking '/home/gustavo/Documents/Navega-o-com-ROS/install/cg/bin'
[1.126s] Level 1:colcon.colcon_core.environment:checking '/home/gustavo/Documents/Navega-o-com-ROS/install/cg/lib/pkgconfig/cg.pc'
[1.127s] Level 1:colcon.colcon_core.environment:checking '/home/gustavo/Documents/Navega-o-com-ROS/install/cg/lib/python3.10/site-packages'
[1.127s] Level 1:colcon.colcon_core.shell:create_environment_hook('cg', 'pythonpath')
[1.127s] INFO:colcon.colcon_core.shell:Creating environment hook '/home/gustavo/Documents/Navega-o-com-ROS/install/cg/share/cg/hook/pythonpath.ps1'
[1.127s] INFO:colcon.colcon_core.shell:Creating environment descriptor '/home/gustavo/Documents/Navega-o-com-ROS/install/cg/share/cg/hook/pythonpath.dsv'
[1.128s] INFO:colcon.colcon_core.shell:Creating environment hook '/home/gustavo/Documents/Navega-o-com-ROS/install/cg/share/cg/hook/pythonpath.sh'
[1.132s] Level 1:colcon.colcon_core.environment:checking '/home/gustavo/Documents/Navega-o-com-ROS/install/cg/bin'
[1.135s] Level 1:colcon.colcon_core.environment:create_environment_scripts_only(cg)
[1.136s] INFO:colcon.colcon_core.shell:Creating package script '/home/gustavo/Documents/Navega-o-com-ROS/install/cg/share/cg/package.ps1'
[1.137s] INFO:colcon.colcon_core.shell:Creating package descriptor '/home/gustavo/Documents/Navega-o-com-ROS/install/cg/share/cg/package.dsv'
[1.138s] INFO:colcon.colcon_core.shell:Creating package script '/home/gustavo/Documents/Navega-o-com-ROS/install/cg/share/cg/package.sh'
[1.143s] INFO:colcon.colcon_core.shell:Creating package script '/home/gustavo/Documents/Navega-o-com-ROS/install/cg/share/cg/package.bash'
[1.145s] INFO:colcon.colcon_core.shell:Creating package script '/home/gustavo/Documents/Navega-o-com-ROS/install/cg/share/cg/package.zsh'
[1.150s] Level 1:colcon.colcon_core.environment:create_file_with_runtime_dependencies(/home/gustavo/Documents/Navega-o-com-ROS/install/cg/share/colcon-core/packages/cg)
[1.151s] DEBUG:colcon.colcon_parallel_executor.executor.parallel:closing loop
[1.152s] DEBUG:colcon.colcon_parallel_executor.executor.parallel:loop closed
[1.162s] DEBUG:colcon.colcon_parallel_executor.executor.parallel:run_until_complete finished with '0'
[1.162s] DEBUG:colcon.colcon_core.event_reactor:joining thread
[1.179s] INFO:colcon.colcon_core.plugin_system:Skipping extension 'colcon_notification.desktop_notification.terminal_notifier': Not used on non-Darwin systems
[1.180s] INFO:colcon.colcon_core.plugin_system:Skipping extension 'colcon_notification.desktop_notification.win32': Not used on non-Windows systems
[1.180s] INFO:colcon.colcon_notification.desktop_notification:Sending desktop notification using 'notify2'
[1.225s] DEBUG:colcon.colcon_core.event_reactor:joined thread
[1.229s] INFO:colcon.colcon_core.shell:Creating prefix script '/home/gustavo/Documents/Navega-o-com-ROS/install/local_setup.ps1'
[1.237s] INFO:colcon.colcon_core.shell:Creating prefix util module '/home/gustavo/Documents/Navega-o-com-ROS/install/_local_setup_util_ps1.py'
[1.246s] INFO:colcon.colcon_core.shell:Creating prefix chain script '/home/gustavo/Documents/Navega-o-com-ROS/install/setup.ps1'
[1.257s] INFO:colcon.colcon_core.shell:Creating prefix script '/home/gustavo/Documents/Navega-o-com-ROS/install/local_setup.sh'
[1.265s] INFO:colcon.colcon_core.shell:Creating prefix util module '/home/gustavo/Documents/Navega-o-com-ROS/install/_local_setup_util_sh.py'
[1.270s] INFO:colcon.colcon_core.shell:Creating prefix chain script '/home/gustavo/Documents/Navega-o-com-ROS/install/setup.sh'
[1.271s] INFO:colcon.colcon_core.shell:Creating prefix script '/home/gustavo/Documents/Navega-o-com-ROS/install/local_setup.bash'
[1.272s] INFO:colcon.colcon_core.shell:Creating prefix chain script '/home/gustavo/Documents/Navega-o-com-ROS/install/setup.bash'
[1.273s] INFO:colcon.colcon_core.shell:Creating prefix script '/home/gustavo/Documents/Navega-o-com-ROS/install/local_setup.zsh'
[1.273s] INFO:colcon.colcon_core.shell:Creating prefix chain script '/home/gustavo/Documents/Navega-o-com-ROS/install/setup.zsh'
