[0.615s] Invoking command in '/home/gustavo/Documents/Navega-o-com-ROS/src/cg': PYTHONPATH=/home/gustavo/Documents/Navega-o-com-ROS/build/cg/prefix_override:/usr/lib/python3/dist-packages/colcon_core/task/python/colcon_distutils_commands:/home/gustavo/Documents/Navega-o-com-ROS/install/cg/lib/python3.10/site-packages:${PYTHONPATH} /usr/bin/python3 -W ignore:setup.py install is deprecated setup.py egg_info --egg-base ../../build/cg build --build-base /home/gustavo/Documents/Navega-o-com-ROS/build/cg/build install --record /home/gustavo/Documents/Navega-o-com-ROS/build/cg/install.log --single-version-externally-managed install_data
[0.798s] running egg_info
[0.799s] writing ../../build/cg/cg.egg-info/PKG-INFO
[0.799s] writing dependency_links to ../../build/cg/cg.egg-info/dependency_links.txt
[0.807s] writing entry points to ../../build/cg/cg.egg-info/entry_points.txt
[0.807s] writing requirements to ../../build/cg/cg.egg-info/requires.txt
[0.807s] writing top-level names to ../../build/cg/cg.egg-info/top_level.txt
[0.810s] reading manifest file '../../build/cg/cg.egg-info/SOURCES.txt'
[0.810s] adding license file 'LICENSE'
[0.810s] writing manifest file '../../build/cg/cg.egg-info/SOURCES.txt'
[0.810s] running build
[0.810s] running build_py
[0.811s] running install
[0.812s] running install_lib
[0.813s] running install_data
[0.813s] copying package.xml -> /home/gustavo/Documents/Navega-o-com-ROS/install/cg/share/cg
[0.813s] running install_egg_info
[0.817s] removing '/home/gustavo/Documents/Navega-o-com-ROS/install/cg/lib/python3.10/site-packages/cg-0.0.0-py3.10.egg-info' (and everything under it)
[0.817s] Copying ../../build/cg/cg.egg-info to /home/gustavo/Documents/Navega-o-com-ROS/install/cg/lib/python3.10/site-packages/cg-0.0.0-py3.10.egg-info
[0.817s] running install_scripts
[0.840s] Installing edit script to /home/gustavo/Documents/Navega-o-com-ROS/install/cg/lib/cg
[0.840s] Installing maze script to /home/gustavo/Documents/Navega-o-com-ROS/install/cg/lib/cg
[0.840s] Installing test script to /home/gustavo/Documents/Navega-o-com-ROS/install/cg/lib/cg
[0.840s] writing list of installed files to '/home/gustavo/Documents/Navega-o-com-ROS/build/cg/install.log'
[0.871s] Invoked command in '/home/gustavo/Documents/Navega-o-com-ROS/src/cg' returned '0': PYTHONPATH=/home/gustavo/Documents/Navega-o-com-ROS/build/cg/prefix_override:/usr/lib/python3/dist-packages/colcon_core/task/python/colcon_distutils_commands:/home/gustavo/Documents/Navega-o-com-ROS/install/cg/lib/python3.10/site-packages:${PYTHONPATH} /usr/bin/python3 -W ignore:setup.py install is deprecated setup.py egg_info --egg-base ../../build/cg build --build-base /home/gustavo/Documents/Navega-o-com-ROS/build/cg/build install --record /home/gustavo/Documents/Navega-o-com-ROS/build/cg/install.log --single-version-externally-managed install_data
