running egg_info
writing ../../build/cg/cg.egg-info/PKG-INFO
writing dependency_links to ../../build/cg/cg.egg-info/dependency_links.txt
writing entry points to ../../build/cg/cg.egg-info/entry_points.txt
writing requirements to ../../build/cg/cg.egg-info/requires.txt
writing top-level names to ../../build/cg/cg.egg-info/top_level.txt
reading manifest file '../../build/cg/cg.egg-info/SOURCES.txt'
adding license file 'LICENSE'
writing manifest file '../../build/cg/cg.egg-info/SOURCES.txt'
running build
running build_py
copying cg/map_navigation.py -> /home/gustavo/Documents/Navega-o-com-ROS/build/cg/build/lib/cg
copying cg/reactive_navigation.py -> /home/gustavo/Documents/Navega-o-com-ROS/build/cg/build/lib/cg
copying cg/__init__.py -> /home/gustavo/Documents/Navega-o-com-ROS/build/cg/build/lib/cg
running install
running install_lib
copying /home/gustavo/Documents/Navega-o-com-ROS/build/cg/build/lib/cg/map_navigation.py -> /home/gustavo/Documents/Navega-o-com-ROS/install/cg/lib/python3.10/site-packages/cg
copying /home/gustavo/Documents/Navega-o-com-ROS/build/cg/build/lib/cg/reactive_navigation.py -> /home/gustavo/Documents/Navega-o-com-ROS/install/cg/lib/python3.10/site-packages/cg
copying /home/gustavo/Documents/Navega-o-com-ROS/build/cg/build/lib/cg/__init__.py -> /home/gustavo/Documents/Navega-o-com-ROS/install/cg/lib/python3.10/site-packages/cg
byte-compiling /home/gustavo/Documents/Navega-o-com-ROS/install/cg/lib/python3.10/site-packages/cg/map_navigation.py to map_navigation.cpython-310.pyc
byte-compiling /home/gustavo/Documents/Navega-o-com-ROS/install/cg/lib/python3.10/site-packages/cg/reactive_navigation.py to reactive_navigation.cpython-310.pyc
byte-compiling /home/gustavo/Documents/Navega-o-com-ROS/install/cg/lib/python3.10/site-packages/cg/__init__.py to __init__.cpython-310.pyc
running install_data
running install_egg_info
removing '/home/gustavo/Documents/Navega-o-com-ROS/install/cg/lib/python3.10/site-packages/cg-0.0.0-py3.10.egg-info' (and everything under it)
Copying ../../build/cg/cg.egg-info to /home/gustavo/Documents/Navega-o-com-ROS/install/cg/lib/python3.10/site-packages/cg-0.0.0-py3.10.egg-info
running install_scripts
Installing edit script to /home/gustavo/Documents/Navega-o-com-ROS/install/cg/lib/cg
Installing maze script to /home/gustavo/Documents/Navega-o-com-ROS/install/cg/lib/cg
Installing test script to /home/gustavo/Documents/Navega-o-com-ROS/install/cg/lib/cg
writing list of installed files to '/home/gustavo/Documents/Navega-o-com-ROS/build/cg/install.log'
