[0.487s] Invoking command in '/home/gustavo/Documents/Navega-o-com-ROS/src/cg': PYTHONPATH=/home/gustavo/Documents/Navega-o-com-ROS/build/cg/prefix_override:/usr/lib/python3/dist-packages/colcon_core/task/python/colcon_distutils_commands:/home/gustavo/Documents/Navega-o-com-ROS/install/cg/lib/python3.10/site-packages:${PYTHONPATH} /usr/bin/python3 -W ignore:setup.py install is deprecated setup.py egg_info --egg-base ../../build/cg build --build-base /home/gustavo/Documents/Navega-o-com-ROS/build/cg/build install --record /home/gustavo/Documents/Navega-o-com-ROS/build/cg/install.log --single-version-externally-managed install_data
[0.672s] running egg_info
[0.672s] writing ../../build/cg/cg.egg-info/PKG-INFO
[0.673s] writing dependency_links to ../../build/cg/cg.egg-info/dependency_links.txt
[0.673s] writing entry points to ../../build/cg/cg.egg-info/entry_points.txt
[0.675s] writing requirements to ../../build/cg/cg.egg-info/requires.txt
[0.675s] writing top-level names to ../../build/cg/cg.egg-info/top_level.txt
[0.677s] reading manifest file '../../build/cg/cg.egg-info/SOURCES.txt'
[0.677s] adding license file 'LICENSE'
[0.683s] writing manifest file '../../build/cg/cg.egg-info/SOURCES.txt'
[0.684s] running build
[0.684s] running build_py
[0.684s] running install
[0.684s] running install_lib
[0.685s] running install_data
[0.685s] running install_egg_info
[0.687s] removing '/home/gustavo/Documents/Navega-o-com-ROS/install/cg/lib/python3.10/site-packages/cg-0.0.0-py3.10.egg-info' (and everything under it)
[0.688s] Copying ../../build/cg/cg.egg-info to /home/gustavo/Documents/Navega-o-com-ROS/install/cg/lib/python3.10/site-packages/cg-0.0.0-py3.10.egg-info
[0.688s] running install_scripts
[0.706s] Installing edit script to /home/gustavo/Documents/Navega-o-com-ROS/install/cg/lib/cg
[0.711s] Installing maze script to /home/gustavo/Documents/Navega-o-com-ROS/install/cg/lib/cg
[0.711s] Installing test script to /home/gustavo/Documents/Navega-o-com-ROS/install/cg/lib/cg
[0.712s] writing list of installed files to '/home/gustavo/Documents/Navega-o-com-ROS/build/cg/install.log'
[0.758s] Invoked command in '/home/gustavo/Documents/Navega-o-com-ROS/src/cg' returned '0': PYTHONPATH=/home/gustavo/Documents/Navega-o-com-ROS/build/cg/prefix_override:/usr/lib/python3/dist-packages/colcon_core/task/python/colcon_distutils_commands:/home/gustavo/Documents/Navega-o-com-ROS/install/cg/lib/python3.10/site-packages:${PYTHONPATH} /usr/bin/python3 -W ignore:setup.py install is deprecated setup.py egg_info --egg-base ../../build/cg build --build-base /home/gustavo/Documents/Navega-o-com-ROS/build/cg/build install --record /home/gustavo/Documents/Navega-o-com-ROS/build/cg/install.log --single-version-externally-managed install_data
