[0.247s] DEBUG:colcon:Command line arguments: ['/usr/bin/colcon', 'build']
[0.247s] DEBUG:colcon:Parsed command line arguments: Namespace(log_base=None, log_level=None, verb_name='build', build_base='build', install_base='install', merge_install=False, symlink_install=False, test_result_base=None, continue_on_error=False, executor='parallel', parallel_workers=5, event_handlers=None, ignore_user_meta=False, metas=['./colcon.meta'], base_paths=['.'], packages_ignore=None, packages_ignore_regex=None, paths=None, packages_up_to=None, packages_up_to_regex=None, packages_above=None, packages_above_and_dependencies=None, packages_above_depth=None, packages_select_by_dep=None, packages_skip_by_dep=None, packages_skip_up_to=None, packages_select_build_failed=False, packages_skip_build_finished=False, packages_select_test_failures=False, packages_skip_test_passed=False, packages_select=None, packages_skip=None, packages_select_regex=None, packages_skip_regex=None, packages_start=None, packages_end=None, allow_overriding=[], cmake_args=None, cmake_target=None, cmake_target_skip_unavailable=False, cmake_clean_cache=False, cmake_clean_first=False, cmake_force_configure=False, ament_cmake_args=None, catkin_cmake_args=None, catkin_skip_building_tests=False, verb_parser=<colcon_defaults.argument_parser.defaults.DefaultArgumentsDecorator object at 0x712744517e50>, verb_extension=<colcon_core.verb.build.BuildVerb object at 0x712744517a00>, main=<bound method BuildVerb.main of <colcon_core.verb.build.BuildVerb object at 0x712744517a00>>)
[0.600s] Level 1:colcon.colcon_core.package_discovery:discover_packages(colcon_meta) check parameters
[0.600s] Level 1:colcon.colcon_core.package_discovery:discover_packages(recursive) check parameters
[0.600s] Level 1:colcon.colcon_core.package_discovery:discover_packages(ignore) check parameters
[0.600s] Level 1:colcon.colcon_core.package_discovery:discover_packages(path) check parameters
[0.600s] Level 1:colcon.colcon_core.package_discovery:discover_packages(colcon_meta) discover
[0.600s] Level 1:colcon.colcon_core.package_discovery:discover_packages(recursive) discover
[0.600s] INFO:colcon.colcon_core.package_discovery:Crawling recursively for packages in '/home/gustavo/Documents/Navega-o-com-ROS'
[0.600s] Level 1:colcon.colcon_core.package_identification:_identify(.) by extensions ['ignore', 'ignore_ament_install']
[0.601s] Level 1:colcon.colcon_core.package_identification:_identify(.) by extension 'ignore'
[0.601s] Level 1:colcon.colcon_core.package_identification:_identify(.) by extension 'ignore_ament_install'
[0.601s] Level 1:colcon.colcon_core.package_identification:_identify(.) by extensions ['colcon_pkg']
[0.601s] Level 1:colcon.colcon_core.package_identification:_identify(.) by extension 'colcon_pkg'
[0.601s] Level 1:colcon.colcon_core.package_identification:_identify(.) by extensions ['colcon_meta']
[0.601s] Level 1:colcon.colcon_core.package_identification:_identify(.) by extension 'colcon_meta'
[0.601s] Level 1:colcon.colcon_core.package_identification:_identify(.) by extensions ['ros']
[0.601s] Level 1:colcon.colcon_core.package_identification:_identify(.) by extension 'ros'
[0.611s] Level 1:colcon.colcon_core.package_identification:_identify(.) by extensions ['cmake', 'python']
[0.611s] Level 1:colcon.colcon_core.package_identification:_identify(.) by extension 'cmake'
[0.611s] Level 1:colcon.colcon_core.package_identification:_identify(.) by extension 'python'
[0.611s] Level 1:colcon.colcon_core.package_identification:_identify(.) by extensions ['python_setup_py']
[0.611s] Level 1:colcon.colcon_core.package_identification:_identify(.) by extension 'python_setup_py'
[0.611s] Level 1:colcon.colcon_core.package_identification:_identify(build) by extensions ['ignore', 'ignore_ament_install']
[0.612s] Level 1:colcon.colcon_core.package_identification:_identify(build) by extension 'ignore'
[0.612s] Level 1:colcon.colcon_core.package_identification:_identify(build) ignored
[0.612s] Level 1:colcon.colcon_core.package_identification:_identify(cg) by extensions ['ignore', 'ignore_ament_install']
[0.612s] Level 1:colcon.colcon_core.package_identification:_identify(cg) by extension 'ignore'
[0.612s] Level 1:colcon.colcon_core.package_identification:_identify(cg) by extension 'ignore_ament_install'
[0.612s] Level 1:colcon.colcon_core.package_identification:_identify(cg) by extensions ['colcon_pkg']
[0.612s] Level 1:colcon.colcon_core.package_identification:_identify(cg) by extension 'colcon_pkg'
[0.612s] Level 1:colcon.colcon_core.package_identification:_identify(cg) by extensions ['colcon_meta']
[0.612s] Level 1:colcon.colcon_core.package_identification:_identify(cg) by extension 'colcon_meta'
[0.612s] Level 1:colcon.colcon_core.package_identification:_identify(cg) by extensions ['ros']
[0.612s] Level 1:colcon.colcon_core.package_identification:_identify(cg) by extension 'ros'
[0.612s] Level 1:colcon.colcon_core.package_identification:_identify(cg) by extensions ['cmake', 'python']
[0.612s] Level 1:colcon.colcon_core.package_identification:_identify(cg) by extension 'cmake'
[0.612s] Level 1:colcon.colcon_core.package_identification:_identify(cg) by extension 'python'
[0.612s] Level 1:colcon.colcon_core.package_identification:_identify(cg) by extensions ['python_setup_py']
[0.612s] Level 1:colcon.colcon_core.package_identification:_identify(cg) by extension 'python_setup_py'
[0.613s] Level 1:colcon.colcon_core.package_identification:_identify(cg/build) by extensions ['ignore', 'ignore_ament_install']
[0.613s] Level 1:colcon.colcon_core.package_identification:_identify(cg/build) by extension 'ignore'
[0.613s] Level 1:colcon.colcon_core.package_identification:_identify(cg/build) ignored
[0.613s] Level 1:colcon.colcon_core.package_identification:_identify(cg/install) by extensions ['ignore', 'ignore_ament_install']
[0.613s] Level 1:colcon.colcon_core.package_identification:_identify(cg/install) by extension 'ignore'
[0.613s] Level 1:colcon.colcon_core.package_identification:_identify(cg/install) ignored
[0.613s] Level 1:colcon.colcon_core.package_identification:_identify(cg/lobotomy_kaisen) by extensions ['ignore', 'ignore_ament_install']
[0.613s] Level 1:colcon.colcon_core.package_identification:_identify(cg/lobotomy_kaisen) by extension 'ignore'
[0.613s] Level 1:colcon.colcon_core.package_identification:_identify(cg/lobotomy_kaisen) by extension 'ignore_ament_install'
[0.613s] Level 1:colcon.colcon_core.package_identification:_identify(cg/lobotomy_kaisen) by extensions ['colcon_pkg']
[0.613s] Level 1:colcon.colcon_core.package_identification:_identify(cg/lobotomy_kaisen) by extension 'colcon_pkg'
[0.613s] Level 1:colcon.colcon_core.package_identification:_identify(cg/lobotomy_kaisen) by extensions ['colcon_meta']
[0.613s] Level 1:colcon.colcon_core.package_identification:_identify(cg/lobotomy_kaisen) by extension 'colcon_meta'
[0.613s] Level 1:colcon.colcon_core.package_identification:_identify(cg/lobotomy_kaisen) by extensions ['ros']
[0.613s] Level 1:colcon.colcon_core.package_identification:_identify(cg/lobotomy_kaisen) by extension 'ros'
[0.613s] Level 1:colcon.colcon_core.package_identification:_identify(cg/lobotomy_kaisen) by extensions ['cmake', 'python']
[0.614s] Level 1:colcon.colcon_core.package_identification:_identify(cg/lobotomy_kaisen) by extension 'cmake'
[0.614s] Level 1:colcon.colcon_core.package_identification:_identify(cg/lobotomy_kaisen) by extension 'python'
[0.614s] Level 1:colcon.colcon_core.package_identification:_identify(cg/lobotomy_kaisen) by extensions ['python_setup_py']
[0.614s] Level 1:colcon.colcon_core.package_identification:_identify(cg/lobotomy_kaisen) by extension 'python_setup_py'
[0.614s] Level 1:colcon.colcon_core.package_identification:_identify(cg/log) by extensions ['ignore', 'ignore_ament_install']
[0.614s] Level 1:colcon.colcon_core.package_identification:_identify(cg/log) by extension 'ignore'
[0.614s] Level 1:colcon.colcon_core.package_identification:_identify(cg/log) ignored
[0.614s] Level 1:colcon.colcon_core.package_identification:_identify(cg/maps) by extensions ['ignore', 'ignore_ament_install']
[0.614s] Level 1:colcon.colcon_core.package_identification:_identify(cg/maps) by extension 'ignore'
[0.614s] Level 1:colcon.colcon_core.package_identification:_identify(cg/maps) by extension 'ignore_ament_install'
[0.614s] Level 1:colcon.colcon_core.package_identification:_identify(cg/maps) by extensions ['colcon_pkg']
[0.614s] Level 1:colcon.colcon_core.package_identification:_identify(cg/maps) by extension 'colcon_pkg'
[0.614s] Level 1:colcon.colcon_core.package_identification:_identify(cg/maps) by extensions ['colcon_meta']
[0.614s] Level 1:colcon.colcon_core.package_identification:_identify(cg/maps) by extension 'colcon_meta'
[0.614s] Level 1:colcon.colcon_core.package_identification:_identify(cg/maps) by extensions ['ros']
[0.614s] Level 1:colcon.colcon_core.package_identification:_identify(cg/maps) by extension 'ros'
[0.614s] Level 1:colcon.colcon_core.package_identification:_identify(cg/maps) by extensions ['cmake', 'python']
[0.614s] Level 1:colcon.colcon_core.package_identification:_identify(cg/maps) by extension 'cmake'
[0.614s] Level 1:colcon.colcon_core.package_identification:_identify(cg/maps) by extension 'python'
[0.614s] Level 1:colcon.colcon_core.package_identification:_identify(cg/maps) by extensions ['python_setup_py']
[0.614s] Level 1:colcon.colcon_core.package_identification:_identify(cg/maps) by extension 'python_setup_py'
[0.614s] Level 1:colcon.colcon_core.package_identification:_identify(cg/src) by extensions ['ignore', 'ignore_ament_install']
[0.614s] Level 1:colcon.colcon_core.package_identification:_identify(cg/src) by extension 'ignore'
[0.614s] Level 1:colcon.colcon_core.package_identification:_identify(cg/src) by extension 'ignore_ament_install'
[0.615s] Level 1:colcon.colcon_core.package_identification:_identify(cg/src) by extensions ['colcon_pkg']
[0.615s] Level 1:colcon.colcon_core.package_identification:_identify(cg/src) by extension 'colcon_pkg'
[0.615s] Level 1:colcon.colcon_core.package_identification:_identify(cg/src) by extensions ['colcon_meta']
[0.615s] Level 1:colcon.colcon_core.package_identification:_identify(cg/src) by extension 'colcon_meta'
[0.615s] Level 1:colcon.colcon_core.package_identification:_identify(cg/src) by extensions ['ros']
[0.615s] Level 1:colcon.colcon_core.package_identification:_identify(cg/src) by extension 'ros'
[0.615s] Level 1:colcon.colcon_core.package_identification:_identify(cg/src) by extensions ['cmake', 'python']
[0.615s] Level 1:colcon.colcon_core.package_identification:_identify(cg/src) by extension 'cmake'
[0.615s] Level 1:colcon.colcon_core.package_identification:_identify(cg/src) by extension 'python'
[0.615s] Level 1:colcon.colcon_core.package_identification:_identify(cg/src) by extensions ['python_setup_py']
[0.615s] Level 1:colcon.colcon_core.package_identification:_identify(cg/src) by extension 'python_setup_py'
[0.615s] Level 1:colcon.colcon_core.package_identification:_identify(cg/src/cg) by extensions ['ignore', 'ignore_ament_install']
[0.615s] Level 1:colcon.colcon_core.package_identification:_identify(cg/src/cg) by extension 'ignore'
[0.615s] Level 1:colcon.colcon_core.package_identification:_identify(cg/src/cg) by extension 'ignore_ament_install'
[0.615s] Level 1:colcon.colcon_core.package_identification:_identify(cg/src/cg) by extensions ['colcon_pkg']
[0.615s] Level 1:colcon.colcon_core.package_identification:_identify(cg/src/cg) by extension 'colcon_pkg'
[0.615s] Level 1:colcon.colcon_core.package_identification:_identify(cg/src/cg) by extensions ['colcon_meta']
[0.615s] Level 1:colcon.colcon_core.package_identification:_identify(cg/src/cg) by extension 'colcon_meta'
[0.615s] Level 1:colcon.colcon_core.package_identification:_identify(cg/src/cg) by extensions ['ros']
[0.615s] Level 1:colcon.colcon_core.package_identification:_identify(cg/src/cg) by extension 'ros'
[0.620s] DEBUG:colcon.colcon_core.package_identification:Package 'cg/src/cg' with type 'ros.ament_python' and name 'cg'
[0.620s] Level 1:colcon.colcon_core.package_identification:_identify(cg/src/cg_interfaces) by extensions ['ignore', 'ignore_ament_install']
[0.620s] Level 1:colcon.colcon_core.package_identification:_identify(cg/src/cg_interfaces) by extension 'ignore'
[0.620s] Level 1:colcon.colcon_core.package_identification:_identify(cg/src/cg_interfaces) by extension 'ignore_ament_install'
[0.620s] Level 1:colcon.colcon_core.package_identification:_identify(cg/src/cg_interfaces) by extensions ['colcon_pkg']
[0.620s] Level 1:colcon.colcon_core.package_identification:_identify(cg/src/cg_interfaces) by extension 'colcon_pkg'
[0.620s] Level 1:colcon.colcon_core.package_identification:_identify(cg/src/cg_interfaces) by extensions ['colcon_meta']
[0.620s] Level 1:colcon.colcon_core.package_identification:_identify(cg/src/cg_interfaces) by extension 'colcon_meta'
[0.621s] Level 1:colcon.colcon_core.package_identification:_identify(cg/src/cg_interfaces) by extensions ['ros']
[0.621s] Level 1:colcon.colcon_core.package_identification:_identify(cg/src/cg_interfaces) by extension 'ros'
[0.621s] DEBUG:colcon.colcon_core.package_identification:Package 'cg/src/cg_interfaces' with type 'ros.ament_cmake' and name 'cg_interfaces'
[0.621s] Level 1:colcon.colcon_core.package_identification:_identify(install) by extensions ['ignore', 'ignore_ament_install']
[0.621s] Level 1:colcon.colcon_core.package_identification:_identify(install) by extension 'ignore'
[0.621s] Level 1:colcon.colcon_core.package_identification:_identify(install) ignored
[0.621s] Level 1:colcon.colcon_core.package_identification:_identify(log) by extensions ['ignore', 'ignore_ament_install']
[0.621s] Level 1:colcon.colcon_core.package_identification:_identify(log) by extension 'ignore'
[0.622s] Level 1:colcon.colcon_core.package_identification:_identify(log) ignored
[0.622s] Level 1:colcon.colcon_core.package_discovery:discover_packages(recursive) using defaults
[0.622s] Level 1:colcon.colcon_core.package_discovery:discover_packages(ignore) discover
[0.622s] Level 1:colcon.colcon_core.package_discovery:discover_packages(ignore) using defaults
[0.622s] Level 1:colcon.colcon_core.package_discovery:discover_packages(path) discover
[0.622s] Level 1:colcon.colcon_core.package_discovery:discover_packages(path) using defaults
[0.663s] Level 1:colcon.colcon_core.package_discovery:discover_packages(prefix_path) check parameters
[0.663s] Level 1:colcon.colcon_core.package_discovery:discover_packages(prefix_path) discover
[0.668s] DEBUG:colcon.colcon_installed_package_information.package_discovery:Found 270 installed packages in /opt/ros/humble
[0.669s] Level 1:colcon.colcon_core.package_discovery:discover_packages(prefix_path) using defaults
[0.703s] Level 5:colcon.colcon_core.verb:set package 'cg_interfaces' build argument 'cmake_args' from command line to 'None'
[0.703s] Level 5:colcon.colcon_core.verb:set package 'cg_interfaces' build argument 'cmake_target' from command line to 'None'
[0.703s] Level 5:colcon.colcon_core.verb:set package 'cg_interfaces' build argument 'cmake_target_skip_unavailable' from command line to 'False'
[0.703s] Level 5:colcon.colcon_core.verb:set package 'cg_interfaces' build argument 'cmake_clean_cache' from command line to 'False'
[0.703s] Level 5:colcon.colcon_core.verb:set package 'cg_interfaces' build argument 'cmake_clean_first' from command line to 'False'
[0.703s] Level 5:colcon.colcon_core.verb:set package 'cg_interfaces' build argument 'cmake_force_configure' from command line to 'False'
[0.703s] Level 5:colcon.colcon_core.verb:set package 'cg_interfaces' build argument 'ament_cmake_args' from command line to 'None'
[0.703s] Level 5:colcon.colcon_core.verb:set package 'cg_interfaces' build argument 'catkin_cmake_args' from command line to 'None'
[0.703s] Level 5:colcon.colcon_core.verb:set package 'cg_interfaces' build argument 'catkin_skip_building_tests' from command line to 'False'
[0.703s] DEBUG:colcon.colcon_core.verb:Building package 'cg_interfaces' with the following arguments: {'ament_cmake_args': None, 'build_base': '/home/gustavo/Documents/Navega-o-com-ROS/build/cg_interfaces', 'catkin_cmake_args': None, 'catkin_skip_building_tests': False, 'cmake_args': None, 'cmake_clean_cache': False, 'cmake_clean_first': False, 'cmake_force_configure': False, 'cmake_target': None, 'cmake_target_skip_unavailable': False, 'install_base': '/home/gustavo/Documents/Navega-o-com-ROS/install/cg_interfaces', 'merge_install': False, 'path': '/home/gustavo/Documents/Navega-o-com-ROS/cg/src/cg_interfaces', 'symlink_install': False, 'test_result_base': None}
[0.704s] Level 5:colcon.colcon_core.verb:set package 'cg' build argument 'cmake_args' from command line to 'None'
[0.704s] Level 5:colcon.colcon_core.verb:set package 'cg' build argument 'cmake_target' from command line to 'None'
[0.704s] Level 5:colcon.colcon_core.verb:set package 'cg' build argument 'cmake_target_skip_unavailable' from command line to 'False'
[0.704s] Level 5:colcon.colcon_core.verb:set package 'cg' build argument 'cmake_clean_cache' from command line to 'False'
[0.704s] Level 5:colcon.colcon_core.verb:set package 'cg' build argument 'cmake_clean_first' from command line to 'False'
[0.704s] Level 5:colcon.colcon_core.verb:set package 'cg' build argument 'cmake_force_configure' from command line to 'False'
[0.704s] Level 5:colcon.colcon_core.verb:set package 'cg' build argument 'ament_cmake_args' from command line to 'None'
[0.704s] Level 5:colcon.colcon_core.verb:set package 'cg' build argument 'catkin_cmake_args' from command line to 'None'
[0.704s] Level 5:colcon.colcon_core.verb:set package 'cg' build argument 'catkin_skip_building_tests' from command line to 'False'
[0.704s] DEBUG:colcon.colcon_core.verb:Building package 'cg' with the following arguments: {'ament_cmake_args': None, 'build_base': '/home/gustavo/Documents/Navega-o-com-ROS/build/cg', 'catkin_cmake_args': None, 'catkin_skip_building_tests': False, 'cmake_args': None, 'cmake_clean_cache': False, 'cmake_clean_first': False, 'cmake_force_configure': False, 'cmake_target': None, 'cmake_target_skip_unavailable': False, 'install_base': '/home/gustavo/Documents/Navega-o-com-ROS/install/cg', 'merge_install': False, 'path': '/home/gustavo/Documents/Navega-o-com-ROS/cg/src/cg', 'symlink_install': False, 'test_result_base': None}
[0.704s] INFO:colcon.colcon_core.executor:Executing jobs using 'parallel' executor
[0.705s] DEBUG:colcon.colcon_parallel_executor.executor.parallel:run_until_complete
[0.706s] INFO:colcon.colcon_ros.task.ament_cmake.build:Building ROS package in '/home/gustavo/Documents/Navega-o-com-ROS/cg/src/cg_interfaces' with build type 'ament_cmake'
[0.707s] INFO:colcon.colcon_cmake.task.cmake.build:Building CMake package in '/home/gustavo/Documents/Navega-o-com-ROS/cg/src/cg_interfaces'
[0.718s] INFO:colcon.colcon_core.plugin_system:Skipping extension 'colcon_core.shell.bat': Not used on non-Windows systems
[0.718s] INFO:colcon.colcon_core.shell:Skip shell extension 'powershell' for command environment: Not usable outside of PowerShell
[0.718s] DEBUG:colcon.colcon_core.shell:Skip shell extension 'dsv' for command environment
[0.731s] DEBUG:colcon.colcon_core.event_handler.log_command:Invoking command in '/home/gustavo/Documents/Navega-o-com-ROS/build/cg_interfaces': CMAKE_PREFIX_PATH=/opt/ros/humble /usr/bin/cmake --build /home/gustavo/Documents/Navega-o-com-ROS/build/cg_interfaces -- -j5 -l5
[1.157s] DEBUG:colcon.colcon_core.event_handler.log_command:Invoked command in '/home/gustavo/Documents/Navega-o-com-ROS/build/cg_interfaces' returned '0': CMAKE_PREFIX_PATH=/opt/ros/humble /usr/bin/cmake --build /home/gustavo/Documents/Navega-o-com-ROS/build/cg_interfaces -- -j5 -l5
[1.315s] DEBUG:colcon.colcon_core.event_handler.log_command:Invoking command in '/home/gustavo/Documents/Navega-o-com-ROS/build/cg_interfaces': CMAKE_PREFIX_PATH=/opt/ros/humble /usr/bin/cmake --install /home/gustavo/Documents/Navega-o-com-ROS/build/cg_interfaces
[1.406s] Level 1:colcon.colcon_core.environment:create_environment_scripts_only(cg_interfaces)
[1.406s] DEBUG:colcon.colcon_core.event_handler.log_command:Invoked command in '/home/gustavo/Documents/Navega-o-com-ROS/build/cg_interfaces' returned '0': CMAKE_PREFIX_PATH=/opt/ros/humble /usr/bin/cmake --install /home/gustavo/Documents/Navega-o-com-ROS/build/cg_interfaces
[1.419s] Level 1:colcon.colcon_core.environment:checking '/home/gustavo/Documents/Navega-o-com-ROS/install/cg_interfaces' for CMake module files
[1.420s] Level 1:colcon.colcon_core.environment:checking '/home/gustavo/Documents/Navega-o-com-ROS/install/cg_interfaces' for CMake config files
[1.420s] Level 1:colcon.colcon_core.shell:create_environment_hook('cg_interfaces', 'cmake_prefix_path')
[1.420s] INFO:colcon.colcon_core.shell:Creating environment hook '/home/gustavo/Documents/Navega-o-com-ROS/install/cg_interfaces/share/cg_interfaces/hook/cmake_prefix_path.ps1'
[1.422s] INFO:colcon.colcon_core.shell:Creating environment descriptor '/home/gustavo/Documents/Navega-o-com-ROS/install/cg_interfaces/share/cg_interfaces/hook/cmake_prefix_path.dsv'
[1.424s] INFO:colcon.colcon_core.shell:Creating environment hook '/home/gustavo/Documents/Navega-o-com-ROS/install/cg_interfaces/share/cg_interfaces/hook/cmake_prefix_path.sh'
[1.425s] Level 1:colcon.colcon_core.environment:checking '/home/gustavo/Documents/Navega-o-com-ROS/install/cg_interfaces/lib'
[1.426s] Level 1:colcon.colcon_core.shell:create_environment_hook('cg_interfaces', 'ld_library_path_lib')
[1.426s] INFO:colcon.colcon_core.shell:Creating environment hook '/home/gustavo/Documents/Navega-o-com-ROS/install/cg_interfaces/share/cg_interfaces/hook/ld_library_path_lib.ps1'
[1.426s] INFO:colcon.colcon_core.shell:Creating environment descriptor '/home/gustavo/Documents/Navega-o-com-ROS/install/cg_interfaces/share/cg_interfaces/hook/ld_library_path_lib.dsv'
[1.427s] INFO:colcon.colcon_core.shell:Creating environment hook '/home/gustavo/Documents/Navega-o-com-ROS/install/cg_interfaces/share/cg_interfaces/hook/ld_library_path_lib.sh'
[1.428s] Level 1:colcon.colcon_core.environment:checking '/home/gustavo/Documents/Navega-o-com-ROS/install/cg_interfaces/bin'
[1.428s] Level 1:colcon.colcon_core.environment:checking '/home/gustavo/Documents/Navega-o-com-ROS/install/cg_interfaces/lib/pkgconfig/cg_interfaces.pc'
[1.428s] Level 1:colcon.colcon_core.environment:checking '/home/gustavo/Documents/Navega-o-com-ROS/install/cg_interfaces/lib/python3.10/site-packages'
[1.428s] Level 1:colcon.colcon_core.environment:checking '/home/gustavo/Documents/Navega-o-com-ROS/install/cg_interfaces/bin'
[1.429s] INFO:colcon.colcon_core.shell:Creating package script '/home/gustavo/Documents/Navega-o-com-ROS/install/cg_interfaces/share/cg_interfaces/package.ps1'
[1.430s] INFO:colcon.colcon_core.shell:Creating package descriptor '/home/gustavo/Documents/Navega-o-com-ROS/install/cg_interfaces/share/cg_interfaces/package.dsv'
[1.431s] INFO:colcon.colcon_core.shell:Creating package script '/home/gustavo/Documents/Navega-o-com-ROS/install/cg_interfaces/share/cg_interfaces/package.sh'
[1.432s] INFO:colcon.colcon_core.shell:Creating package script '/home/gustavo/Documents/Navega-o-com-ROS/install/cg_interfaces/share/cg_interfaces/package.bash'
[1.435s] INFO:colcon.colcon_core.shell:Creating package script '/home/gustavo/Documents/Navega-o-com-ROS/install/cg_interfaces/share/cg_interfaces/package.zsh'
[1.437s] Level 1:colcon.colcon_core.environment:create_file_with_runtime_dependencies(/home/gustavo/Documents/Navega-o-com-ROS/install/cg_interfaces/share/colcon-core/packages/cg_interfaces)
[1.595s] Level 1:colcon.colcon_core.environment:create_environment_scripts_only(cg_interfaces)
[1.595s] Level 1:colcon.colcon_core.environment:checking '/home/gustavo/Documents/Navega-o-com-ROS/install/cg_interfaces' for CMake module files
[1.596s] Level 1:colcon.colcon_core.environment:checking '/home/gustavo/Documents/Navega-o-com-ROS/install/cg_interfaces' for CMake config files
[1.596s] Level 1:colcon.colcon_core.shell:create_environment_hook('cg_interfaces', 'cmake_prefix_path')
[1.596s] INFO:colcon.colcon_core.shell:Creating environment hook '/home/gustavo/Documents/Navega-o-com-ROS/install/cg_interfaces/share/cg_interfaces/hook/cmake_prefix_path.ps1'
[1.597s] INFO:colcon.colcon_core.shell:Creating environment descriptor '/home/gustavo/Documents/Navega-o-com-ROS/install/cg_interfaces/share/cg_interfaces/hook/cmake_prefix_path.dsv'
[1.597s] INFO:colcon.colcon_core.shell:Creating environment hook '/home/gustavo/Documents/Navega-o-com-ROS/install/cg_interfaces/share/cg_interfaces/hook/cmake_prefix_path.sh'
[1.598s] Level 1:colcon.colcon_core.environment:checking '/home/gustavo/Documents/Navega-o-com-ROS/install/cg_interfaces/lib'
[1.598s] Level 1:colcon.colcon_core.shell:create_environment_hook('cg_interfaces', 'ld_library_path_lib')
[1.598s] INFO:colcon.colcon_core.shell:Creating environment hook '/home/gustavo/Documents/Navega-o-com-ROS/install/cg_interfaces/share/cg_interfaces/hook/ld_library_path_lib.ps1'
[1.599s] INFO:colcon.colcon_core.shell:Creating environment descriptor '/home/gustavo/Documents/Navega-o-com-ROS/install/cg_interfaces/share/cg_interfaces/hook/ld_library_path_lib.dsv'
[1.599s] INFO:colcon.colcon_core.shell:Creating environment hook '/home/gustavo/Documents/Navega-o-com-ROS/install/cg_interfaces/share/cg_interfaces/hook/ld_library_path_lib.sh'
[1.600s] Level 1:colcon.colcon_core.environment:checking '/home/gustavo/Documents/Navega-o-com-ROS/install/cg_interfaces/bin'
[1.600s] Level 1:colcon.colcon_core.environment:checking '/home/gustavo/Documents/Navega-o-com-ROS/install/cg_interfaces/lib/pkgconfig/cg_interfaces.pc'
[1.600s] Level 1:colcon.colcon_core.environment:checking '/home/gustavo/Documents/Navega-o-com-ROS/install/cg_interfaces/lib/python3.10/site-packages'
[1.600s] Level 1:colcon.colcon_core.environment:checking '/home/gustavo/Documents/Navega-o-com-ROS/install/cg_interfaces/bin'
[1.601s] INFO:colcon.colcon_core.shell:Creating package script '/home/gustavo/Documents/Navega-o-com-ROS/install/cg_interfaces/share/cg_interfaces/package.ps1'
[1.601s] INFO:colcon.colcon_core.shell:Creating package descriptor '/home/gustavo/Documents/Navega-o-com-ROS/install/cg_interfaces/share/cg_interfaces/package.dsv'
[1.602s] INFO:colcon.colcon_core.shell:Creating package script '/home/gustavo/Documents/Navega-o-com-ROS/install/cg_interfaces/share/cg_interfaces/package.sh'
[1.603s] INFO:colcon.colcon_core.shell:Creating package script '/home/gustavo/Documents/Navega-o-com-ROS/install/cg_interfaces/share/cg_interfaces/package.bash'
[1.603s] INFO:colcon.colcon_core.shell:Creating package script '/home/gustavo/Documents/Navega-o-com-ROS/install/cg_interfaces/share/cg_interfaces/package.zsh'
[1.604s] Level 1:colcon.colcon_core.environment:create_file_with_runtime_dependencies(/home/gustavo/Documents/Navega-o-com-ROS/install/cg_interfaces/share/colcon-core/packages/cg_interfaces)
[1.604s] INFO:colcon.colcon_ros.task.ament_python.build:Building ROS package in '/home/gustavo/Documents/Navega-o-com-ROS/cg/src/cg' with build type 'ament_python'
[1.605s] Level 1:colcon.colcon_core.shell:create_environment_hook('cg', 'ament_prefix_path')
[1.605s] INFO:colcon.colcon_core.shell:Creating environment hook '/home/gustavo/Documents/Navega-o-com-ROS/install/cg/share/cg/hook/ament_prefix_path.ps1'
[1.606s] INFO:colcon.colcon_core.shell:Creating environment descriptor '/home/gustavo/Documents/Navega-o-com-ROS/install/cg/share/cg/hook/ament_prefix_path.dsv'
[1.607s] INFO:colcon.colcon_core.shell:Creating environment hook '/home/gustavo/Documents/Navega-o-com-ROS/install/cg/share/cg/hook/ament_prefix_path.sh'
[1.607s] INFO:colcon.colcon_core.shell:Skip shell extension 'powershell' for command environment: Not usable outside of PowerShell
[1.608s] DEBUG:colcon.colcon_core.shell:Skip shell extension 'dsv' for command environment
[1.834s] INFO:colcon.colcon_core.task.python.build:Building Python package in '/home/gustavo/Documents/Navega-o-com-ROS/cg/src/cg'
[1.834s] INFO:colcon.colcon_core.shell:Skip shell extension 'powershell' for command environment: Not usable outside of PowerShell
[1.834s] DEBUG:colcon.colcon_core.shell:Skip shell extension 'dsv' for command environment
[2.187s] DEBUG:colcon.colcon_core.event_handler.log_command:Invoking command in '/home/gustavo/Documents/Navega-o-com-ROS/cg/src/cg': AMENT_PREFIX_PATH=/home/gustavo/Documents/Navega-o-com-ROS/install/cg_interfaces:${AMENT_PREFIX_PATH} CMAKE_PREFIX_PATH=/home/gustavo/Documents/Navega-o-com-ROS/install/cg_interfaces LD_LIBRARY_PATH=/home/gustavo/Documents/Navega-o-com-ROS/install/cg_interfaces/lib:${LD_LIBRARY_PATH} PYTHONPATH=/home/gustavo/Documents/Navega-o-com-ROS/build/cg/prefix_override:/usr/lib/python3/dist-packages/colcon_core/task/python/colcon_distutils_commands:/home/gustavo/Documents/Navega-o-com-ROS/install/cg/lib/python3.10/site-packages:/home/gustavo/Documents/Navega-o-com-ROS/install/cg_interfaces/local/lib/python3.10/dist-packages:${PYTHONPATH} /usr/bin/python3 -W ignore:setup.py install is deprecated setup.py egg_info --egg-base ../../../build/cg build --build-base /home/gustavo/Documents/Navega-o-com-ROS/build/cg/build install --record /home/gustavo/Documents/Navega-o-com-ROS/build/cg/install.log --single-version-externally-managed install_data
[2.392s] Level 1:colcon.colcon_core.environment:checking '/home/gustavo/Documents/Navega-o-com-ROS/install/cg' for CMake module files
[2.393s] Level 1:colcon.colcon_core.environment:checking '/home/gustavo/Documents/Navega-o-com-ROS/install/cg' for CMake config files
[2.394s] DEBUG:colcon.colcon_core.event_handler.log_command:Invoked command in '/home/gustavo/Documents/Navega-o-com-ROS/cg/src/cg' returned '0': AMENT_PREFIX_PATH=/home/gustavo/Documents/Navega-o-com-ROS/install/cg_interfaces:${AMENT_PREFIX_PATH} CMAKE_PREFIX_PATH=/home/gustavo/Documents/Navega-o-com-ROS/install/cg_interfaces LD_LIBRARY_PATH=/home/gustavo/Documents/Navega-o-com-ROS/install/cg_interfaces/lib:${LD_LIBRARY_PATH} PYTHONPATH=/home/gustavo/Documents/Navega-o-com-ROS/build/cg/prefix_override:/usr/lib/python3/dist-packages/colcon_core/task/python/colcon_distutils_commands:/home/gustavo/Documents/Navega-o-com-ROS/install/cg/lib/python3.10/site-packages:/home/gustavo/Documents/Navega-o-com-ROS/install/cg_interfaces/local/lib/python3.10/dist-packages:${PYTHONPATH} /usr/bin/python3 -W ignore:setup.py install is deprecated setup.py egg_info --egg-base ../../../build/cg build --build-base /home/gustavo/Documents/Navega-o-com-ROS/build/cg/build install --record /home/gustavo/Documents/Navega-o-com-ROS/build/cg/install.log --single-version-externally-managed install_data
[2.395s] Level 1:colcon.colcon_core.environment:checking '/home/gustavo/Documents/Navega-o-com-ROS/install/cg/lib'
[2.395s] Level 1:colcon.colcon_core.environment:checking '/home/gustavo/Documents/Navega-o-com-ROS/install/cg/bin'
[2.395s] Level 1:colcon.colcon_core.environment:checking '/home/gustavo/Documents/Navega-o-com-ROS/install/cg/lib/pkgconfig/cg.pc'
[2.395s] Level 1:colcon.colcon_core.environment:checking '/home/gustavo/Documents/Navega-o-com-ROS/install/cg/lib/python3.10/site-packages'
[2.395s] Level 1:colcon.colcon_core.shell:create_environment_hook('cg', 'pythonpath')
[2.395s] INFO:colcon.colcon_core.shell:Creating environment hook '/home/gustavo/Documents/Navega-o-com-ROS/install/cg/share/cg/hook/pythonpath.ps1'
[2.396s] INFO:colcon.colcon_core.shell:Creating environment descriptor '/home/gustavo/Documents/Navega-o-com-ROS/install/cg/share/cg/hook/pythonpath.dsv'
[2.397s] INFO:colcon.colcon_core.shell:Creating environment hook '/home/gustavo/Documents/Navega-o-com-ROS/install/cg/share/cg/hook/pythonpath.sh'
[2.397s] Level 1:colcon.colcon_core.environment:checking '/home/gustavo/Documents/Navega-o-com-ROS/install/cg/bin'
[2.397s] Level 1:colcon.colcon_core.environment:create_environment_scripts_only(cg)
[2.398s] INFO:colcon.colcon_core.shell:Creating package script '/home/gustavo/Documents/Navega-o-com-ROS/install/cg/share/cg/package.ps1'
[2.398s] INFO:colcon.colcon_core.shell:Creating package descriptor '/home/gustavo/Documents/Navega-o-com-ROS/install/cg/share/cg/package.dsv'
[2.399s] INFO:colcon.colcon_core.shell:Creating package script '/home/gustavo/Documents/Navega-o-com-ROS/install/cg/share/cg/package.sh'
[2.399s] INFO:colcon.colcon_core.shell:Creating package script '/home/gustavo/Documents/Navega-o-com-ROS/install/cg/share/cg/package.bash'
[2.400s] INFO:colcon.colcon_core.shell:Creating package script '/home/gustavo/Documents/Navega-o-com-ROS/install/cg/share/cg/package.zsh'
[2.400s] Level 1:colcon.colcon_core.environment:create_file_with_runtime_dependencies(/home/gustavo/Documents/Navega-o-com-ROS/install/cg/share/colcon-core/packages/cg)
[2.401s] DEBUG:colcon.colcon_parallel_executor.executor.parallel:closing loop
[2.401s] DEBUG:colcon.colcon_parallel_executor.executor.parallel:loop closed
[2.401s] DEBUG:colcon.colcon_parallel_executor.executor.parallel:run_until_complete finished with '0'
[2.402s] DEBUG:colcon.colcon_core.event_reactor:joining thread
[2.411s] INFO:colcon.colcon_core.plugin_system:Skipping extension 'colcon_notification.desktop_notification.terminal_notifier': Not used on non-Darwin systems
[2.411s] INFO:colcon.colcon_core.plugin_system:Skipping extension 'colcon_notification.desktop_notification.win32': Not used on non-Windows systems
[2.411s] INFO:colcon.colcon_notification.desktop_notification:Sending desktop notification using 'notify2'
[2.433s] DEBUG:colcon.colcon_core.event_reactor:joined thread
[2.434s] INFO:colcon.colcon_core.shell:Creating prefix script '/home/gustavo/Documents/Navega-o-com-ROS/install/local_setup.ps1'
[2.435s] INFO:colcon.colcon_core.shell:Creating prefix util module '/home/gustavo/Documents/Navega-o-com-ROS/install/_local_setup_util_ps1.py'
[2.437s] INFO:colcon.colcon_core.shell:Creating prefix chain script '/home/gustavo/Documents/Navega-o-com-ROS/install/setup.ps1'
[2.439s] INFO:colcon.colcon_core.shell:Creating prefix script '/home/gustavo/Documents/Navega-o-com-ROS/install/local_setup.sh'
[2.440s] INFO:colcon.colcon_core.shell:Creating prefix util module '/home/gustavo/Documents/Navega-o-com-ROS/install/_local_setup_util_sh.py'
[2.441s] INFO:colcon.colcon_core.shell:Creating prefix chain script '/home/gustavo/Documents/Navega-o-com-ROS/install/setup.sh'
[2.442s] INFO:colcon.colcon_core.shell:Creating prefix script '/home/gustavo/Documents/Navega-o-com-ROS/install/local_setup.bash'
[2.443s] INFO:colcon.colcon_core.shell:Creating prefix chain script '/home/gustavo/Documents/Navega-o-com-ROS/install/setup.bash'
[2.444s] INFO:colcon.colcon_core.shell:Creating prefix script '/home/gustavo/Documents/Navega-o-com-ROS/install/local_setup.zsh'
[2.445s] INFO:colcon.colcon_core.shell:Creating prefix chain script '/home/gustavo/Documents/Navega-o-com-ROS/install/setup.zsh'
