[0.024s] Invoking command in '/home/gustavo/Documents/Navega-o-com-ROS/build/cg_interfaces': CMAKE_PREFIX_PATH=/opt/ros/humble /usr/bin/cmake /home/gustavo/Documents/Navega-o-com-ROS/cg/src/cg_interfaces -DCMAKE_INSTALL_PREFIX=/home/gustavo/Documents/Navega-o-com-ROS/install/cg_interfaces
[0.159s] -- The C compiler identification is GNU 11.4.0
[0.215s] -- The CXX compiler identification is GNU 11.4.0
[0.229s] -- Detecting C compiler ABI info
[0.308s] -- Detecting C compiler ABI info - done
[0.315s] -- Check for working C compiler: /usr/bin/cc - skipped
[0.316s] -- Detecting C compile features
[0.318s] -- Detecting C compile features - done
[0.323s] -- Detecting CXX compiler ABI info
[0.401s] -- Detecting CXX compiler ABI info - done
[0.407s] -- Check for working CXX compiler: /usr/bin/c++ - skipped
[0.408s] -- Detecting CXX compile features
[0.408s] -- Detecting CXX compile features - done
[0.428s] -- Found ament_cmake: 1.3.10 (/opt/ros/humble/share/ament_cmake/cmake)
[0.581s] -- Found Python3: /usr/bin/python3 (found version "3.10.12") found components: Interpreter 
[0.714s] -- Found rosidl_default_generators: 1.2.0 (/opt/ros/humble/share/rosidl_default_generators/cmake)
[0.721s] -- Using all available rosidl_typesupport_c: rosidl_typesupport_fastrtps_c;rosidl_typesupport_introspection_c
[0.730s] -- Found rosidl_adapter: 3.1.5 (/opt/ros/humble/share/rosidl_adapter/cmake)
[0.792s] -- Using all available rosidl_typesupport_cpp: rosidl_typesupport_fastrtps_cpp;rosidl_typesupport_introspection_cpp
[1.086s] -- Found ament_cmake_ros: 0.10.0 (/opt/ros/humble/share/ament_cmake_ros/cmake)
[1.250s] -- Using all available rosidl_typesupport_c: rosidl_typesupport_fastrtps_c;rosidl_typesupport_introspection_c
[1.460s] -- Using all available rosidl_typesupport_cpp: rosidl_typesupport_fastrtps_cpp;rosidl_typesupport_introspection_cpp
[1.485s] -- Found PythonInterp: /usr/bin/python3 (found suitable version "3.10.12", minimum required is "3.6") 
[1.490s] -- Found python_cmake_module: 0.10.0 (/opt/ros/humble/share/python_cmake_module/cmake)
[1.517s] -- Found PythonLibs: /usr/lib/x86_64-linux-gnu/libpython3.10.so (found suitable version "3.10.12", minimum required is "3.5") 
[1.517s] -- Using PYTHON_EXECUTABLE: /usr/bin/python3
[1.518s] -- Using PYTHON_INCLUDE_DIRS: /usr/include/python3.10
[1.518s] -- Using PYTHON_LIBRARIES: /usr/lib/x86_64-linux-gnu/libpython3.10.so
[1.563s] -- Found PythonExtra: .so  
[1.626s] -- Configuring done
[1.681s] -- Generating done
[1.687s] -- Build files have been written to: /home/gustavo/Documents/Navega-o-com-ROS/build/cg_interfaces
[1.699s] Invoked command in '/home/gustavo/Documents/Navega-o-com-ROS/build/cg_interfaces' returned '0': CMAKE_PREFIX_PATH=/opt/ros/humble /usr/bin/cmake /home/gustavo/Documents/Navega-o-com-ROS/cg/src/cg_interfaces -DCMAKE_INSTALL_PREFIX=/home/gustavo/Documents/Navega-o-com-ROS/install/cg_interfaces
[1.701s] Invoking command in '/home/gustavo/Documents/Navega-o-com-ROS/build/cg_interfaces': CMAKE_PREFIX_PATH=/opt/ros/humble /usr/bin/cmake --build /home/gustavo/Documents/Navega-o-com-ROS/build/cg_interfaces -- -j1 -l1
[1.840s] [  2%] [34m[1mGenerating C++ code for ROS interfaces[0m
[2.186s] [  2%] Built target cg_interfaces__cpp
[2.199s] [  5%] [34m[1mGenerating C++ type support dispatch for ROS interfaces[0m
[2.390s] [  7%] [32mBuilding CXX object CMakeFiles/cg_interfaces__rosidl_typesupport_cpp.dir/rosidl_typesupport_cpp/cg_interfaces/srv/move_cmd__type_support.cpp.o[0m
[3.018s] [ 10%] [32mBuilding CXX object CMakeFiles/cg_interfaces__rosidl_typesupport_cpp.dir/rosidl_typesupport_cpp/cg_interfaces/srv/get_map__type_support.cpp.o[0m
[3.365s] [ 12%] [32m[1mLinking CXX shared library libcg_interfaces__rosidl_typesupport_cpp.so[0m
[3.415s] [ 12%] Built target cg_interfaces__rosidl_typesupport_cpp
[3.427s] [ 15%] [34m[1mGenerating C code for ROS interfaces[0m
[3.698s] [ 17%] [32mBuilding C object CMakeFiles/cg_interfaces__rosidl_generator_c.dir/rosidl_generator_c/cg_interfaces/srv/detail/move_cmd__functions.c.o[0m
[3.798s] [ 20%] [32mBuilding C object CMakeFiles/cg_interfaces__rosidl_generator_c.dir/rosidl_generator_c/cg_interfaces/srv/detail/get_map__functions.c.o[0m
[3.905s] [ 23%] [32m[1mLinking C shared library libcg_interfaces__rosidl_generator_c.so[0m
[4.000s] [ 23%] Built target cg_interfaces__rosidl_generator_c
[4.028s] [ 25%] [34m[1mGenerating C type support for eProsima Fast-RTPS[0m
[4.440s] [ 28%] [32mBuilding CXX object CMakeFiles/cg_interfaces__rosidl_typesupport_fastrtps_c.dir/rosidl_typesupport_fastrtps_c/cg_interfaces/srv/detail/move_cmd__type_support_c.cpp.o[0m
[4.854s] [ 30%] [32mBuilding CXX object CMakeFiles/cg_interfaces__rosidl_typesupport_fastrtps_c.dir/rosidl_typesupport_fastrtps_c/cg_interfaces/srv/detail/get_map__type_support_c.cpp.o[0m
[5.426s] [ 33%] [32m[1mLinking CXX shared library libcg_interfaces__rosidl_typesupport_fastrtps_c.so[0m
[5.535s] [ 33%] Built target cg_interfaces__rosidl_typesupport_fastrtps_c
[5.546s] [ 35%] [34m[1mGenerating C introspection for ROS interfaces[0m
[5.788s] [ 38%] [32mBuilding C object CMakeFiles/cg_interfaces__rosidl_typesupport_introspection_c.dir/rosidl_typesupport_introspection_c/cg_interfaces/srv/detail/move_cmd__type_support.c.o[0m
[5.826s] [ 41%] [32mBuilding C object CMakeFiles/cg_interfaces__rosidl_typesupport_introspection_c.dir/rosidl_typesupport_introspection_c/cg_interfaces/srv/detail/get_map__type_support.c.o[0m
[5.863s] [ 43%] [32m[1mLinking C shared library libcg_interfaces__rosidl_typesupport_introspection_c.so[0m
[5.899s] [ 43%] Built target cg_interfaces__rosidl_typesupport_introspection_c
[5.910s] [ 46%] [34m[1mGenerating C type support dispatch for ROS interfaces[0m
[6.118s] [ 48%] [32mBuilding CXX object CMakeFiles/cg_interfaces__rosidl_typesupport_c.dir/rosidl_typesupport_c/cg_interfaces/srv/move_cmd__type_support.cpp.o[0m
[6.147s] [ 51%] [32mBuilding CXX object CMakeFiles/cg_interfaces__rosidl_typesupport_c.dir/rosidl_typesupport_c/cg_interfaces/srv/get_map__type_support.cpp.o[0m
[6.175s] [ 53%] [32m[1mLinking CXX shared library libcg_interfaces__rosidl_typesupport_c.so[0m
[6.220s] [ 53%] Built target cg_interfaces__rosidl_typesupport_c
[6.249s] [ 56%] [34m[1mGenerating C++ type support for eProsima Fast-RTPS[0m
[6.658s] [ 58%] [32mBuilding CXX object CMakeFiles/cg_interfaces__rosidl_typesupport_fastrtps_cpp.dir/rosidl_typesupport_fastrtps_cpp/cg_interfaces/srv/detail/dds_fastrtps/move_cmd__type_support.cpp.o[0m
[6.959s] [ 61%] [32mBuilding CXX object CMakeFiles/cg_interfaces__rosidl_typesupport_fastrtps_cpp.dir/rosidl_typesupport_fastrtps_cpp/cg_interfaces/srv/detail/dds_fastrtps/get_map__type_support.cpp.o[0m
[7.323s] [ 64%] [32m[1mLinking CXX shared library libcg_interfaces__rosidl_typesupport_fastrtps_cpp.so[0m
[7.388s] [ 64%] Built target cg_interfaces__rosidl_typesupport_fastrtps_cpp
[7.398s] [ 66%] [34m[1mGenerating C++ introspection for ROS interfaces[0m
[7.617s] [ 69%] [32mBuilding CXX object CMakeFiles/cg_interfaces__rosidl_typesupport_introspection_cpp.dir/rosidl_typesupport_introspection_cpp/cg_interfaces/srv/detail/move_cmd__type_support.cpp.o[0m
[7.904s] [ 71%] [32mBuilding CXX object CMakeFiles/cg_interfaces__rosidl_typesupport_introspection_cpp.dir/rosidl_typesupport_introspection_cpp/cg_interfaces/srv/detail/get_map__type_support.cpp.o[0m
[8.214s] [ 74%] [32m[1mLinking CXX shared library libcg_interfaces__rosidl_typesupport_introspection_cpp.so[0m
[8.273s] [ 74%] Built target cg_interfaces__rosidl_typesupport_introspection_cpp
[8.297s] [ 74%] Built target cg_interfaces
[8.323s] [ 74%] Built target ament_cmake_python_copy_cg_interfaces
[8.736s] running egg_info
[8.736s] creating cg_interfaces.egg-info
[8.736s] writing cg_interfaces.egg-info/PKG-INFO
[8.736s] writing dependency_links to cg_interfaces.egg-info/dependency_links.txt
[8.736s] writing top-level names to cg_interfaces.egg-info/top_level.txt
[8.736s] writing manifest file 'cg_interfaces.egg-info/SOURCES.txt'
[8.738s] reading manifest file 'cg_interfaces.egg-info/SOURCES.txt'
[8.738s] writing manifest file 'cg_interfaces.egg-info/SOURCES.txt'
[8.760s] [ 74%] Built target ament_cmake_python_build_cg_interfaces_egg
[8.785s] [ 76%] [34m[1mGenerating Python code for ROS interfaces[0m
[9.319s] [ 76%] Built target cg_interfaces__py
[9.342s] [ 79%] [32mBuilding C object CMakeFiles/cg_interfaces__rosidl_generator_py.dir/rosidl_generator_py/cg_interfaces/srv/_move_cmd_s.c.o[0m
[9.508s] [ 82%] [32mBuilding C object CMakeFiles/cg_interfaces__rosidl_generator_py.dir/rosidl_generator_py/cg_interfaces/srv/_get_map_s.c.o[0m
[9.590s] [ 84%] [32m[1mLinking C shared library rosidl_generator_py/cg_interfaces/libcg_interfaces__rosidl_generator_py.so[0m
[9.632s] [ 84%] Built target cg_interfaces__rosidl_generator_py
[9.657s] [ 87%] [32mBuilding C object CMakeFiles/cg_interfaces__rosidl_typesupport_fastrtps_c__pyext.dir/rosidl_generator_py/cg_interfaces/_cg_interfaces_s.ep.rosidl_typesupport_fastrtps_c.c.o[0m
[9.738s] [ 89%] [32m[1mLinking C shared library rosidl_generator_py/cg_interfaces/cg_interfaces_s__rosidl_typesupport_fastrtps_c.cpython-310-x86_64-linux-gnu.so[0m
[9.771s] [ 89%] Built target cg_interfaces__rosidl_typesupport_fastrtps_c__pyext
[9.791s] [ 92%] [32mBuilding C object CMakeFiles/cg_interfaces__rosidl_typesupport_introspection_c__pyext.dir/rosidl_generator_py/cg_interfaces/_cg_interfaces_s.ep.rosidl_typesupport_introspection_c.c.o[0m
[9.867s] [ 94%] [32m[1mLinking C shared library rosidl_generator_py/cg_interfaces/cg_interfaces_s__rosidl_typesupport_introspection_c.cpython-310-x86_64-linux-gnu.so[0m
[9.898s] [ 94%] Built target cg_interfaces__rosidl_typesupport_introspection_c__pyext
[9.919s] [ 97%] [32mBuilding C object CMakeFiles/cg_interfaces__rosidl_typesupport_c__pyext.dir/rosidl_generator_py/cg_interfaces/_cg_interfaces_s.ep.rosidl_typesupport_c.c.o[0m
[9.996s] [100%] [32m[1mLinking C shared library rosidl_generator_py/cg_interfaces/cg_interfaces_s__rosidl_typesupport_c.cpython-310-x86_64-linux-gnu.so[0m
[10.032s] [100%] Built target cg_interfaces__rosidl_typesupport_c__pyext
[10.043s] Invoked command in '/home/gustavo/Documents/Navega-o-com-ROS/build/cg_interfaces' returned '0': CMAKE_PREFIX_PATH=/opt/ros/humble /usr/bin/cmake --build /home/gustavo/Documents/Navega-o-com-ROS/build/cg_interfaces -- -j1 -l1
[10.180s] Invoking command in '/home/gustavo/Documents/Navega-o-com-ROS/build/cg_interfaces': CMAKE_PREFIX_PATH=/opt/ros/humble /usr/bin/cmake --install /home/gustavo/Documents/Navega-o-com-ROS/build/cg_interfaces
[10.189s] -- Install configuration: ""
[10.189s] -- Installing: /home/gustavo/Documents/Navega-o-com-ROS/install/cg_interfaces/share/ament_index/resource_index/rosidl_interfaces/cg_interfaces
[10.189s] -- Installing: /home/gustavo/Documents/Navega-o-com-ROS/install/cg_interfaces/include/cg_interfaces/cg_interfaces
[10.189s] -- Installing: /home/gustavo/Documents/Navega-o-com-ROS/install/cg_interfaces/include/cg_interfaces/cg_interfaces/srv
[10.189s] -- Installing: /home/gustavo/Documents/Navega-o-com-ROS/install/cg_interfaces/include/cg_interfaces/cg_interfaces/srv/move_cmd.h
[10.189s] -- Installing: /home/gustavo/Documents/Navega-o-com-ROS/install/cg_interfaces/include/cg_interfaces/cg_interfaces/srv/detail
[10.189s] -- Installing: /home/gustavo/Documents/Navega-o-com-ROS/install/cg_interfaces/include/cg_interfaces/cg_interfaces/srv/detail/get_map__functions.c
[10.190s] -- Installing: /home/gustavo/Documents/Navega-o-com-ROS/install/cg_interfaces/include/cg_interfaces/cg_interfaces/srv/detail/get_map__struct.h
[10.190s] -- Installing: /home/gustavo/Documents/Navega-o-com-ROS/install/cg_interfaces/include/cg_interfaces/cg_interfaces/srv/detail/move_cmd__functions.c
[10.190s] -- Installing: /home/gustavo/Documents/Navega-o-com-ROS/install/cg_interfaces/include/cg_interfaces/cg_interfaces/srv/detail/move_cmd__struct.h
[10.190s] -- Installing: /home/gustavo/Documents/Navega-o-com-ROS/install/cg_interfaces/include/cg_interfaces/cg_interfaces/srv/detail/get_map__functions.h
[10.190s] -- Installing: /home/gustavo/Documents/Navega-o-com-ROS/install/cg_interfaces/include/cg_interfaces/cg_interfaces/srv/detail/get_map__type_support.h
[10.190s] -- Installing: /home/gustavo/Documents/Navega-o-com-ROS/install/cg_interfaces/include/cg_interfaces/cg_interfaces/srv/detail/move_cmd__type_support.h
[10.190s] -- Installing: /home/gustavo/Documents/Navega-o-com-ROS/install/cg_interfaces/include/cg_interfaces/cg_interfaces/srv/detail/move_cmd__functions.h
[10.190s] -- Installing: /home/gustavo/Documents/Navega-o-com-ROS/install/cg_interfaces/include/cg_interfaces/cg_interfaces/srv/get_map.h
[10.190s] -- Installing: /home/gustavo/Documents/Navega-o-com-ROS/install/cg_interfaces/include/cg_interfaces/cg_interfaces/msg
[10.190s] -- Installing: /home/gustavo/Documents/Navega-o-com-ROS/install/cg_interfaces/include/cg_interfaces/cg_interfaces/msg/rosidl_generator_c__visibility_control.h
[10.191s] -- Installing: /home/gustavo/Documents/Navega-o-com-ROS/install/cg_interfaces/share/cg_interfaces/environment/library_path.sh
[10.191s] -- Installing: /home/gustavo/Documents/Navega-o-com-ROS/install/cg_interfaces/share/cg_interfaces/environment/library_path.dsv
[10.191s] -- Installing: /home/gustavo/Documents/Navega-o-com-ROS/install/cg_interfaces/lib/libcg_interfaces__rosidl_generator_c.so
[10.191s] -- Set runtime path of "/home/gustavo/Documents/Navega-o-com-ROS/install/cg_interfaces/lib/libcg_interfaces__rosidl_generator_c.so" to ""
[10.192s] -- Up-to-date: /home/gustavo/Documents/Navega-o-com-ROS/install/cg_interfaces/include/cg_interfaces/cg_interfaces
[10.192s] -- Up-to-date: /home/gustavo/Documents/Navega-o-com-ROS/install/cg_interfaces/include/cg_interfaces/cg_interfaces/srv
[10.192s] -- Up-to-date: /home/gustavo/Documents/Navega-o-com-ROS/install/cg_interfaces/include/cg_interfaces/cg_interfaces/srv/detail
[10.192s] -- Installing: /home/gustavo/Documents/Navega-o-com-ROS/install/cg_interfaces/include/cg_interfaces/cg_interfaces/srv/detail/move_cmd__rosidl_typesupport_fastrtps_c.h
[10.192s] -- Installing: /home/gustavo/Documents/Navega-o-com-ROS/install/cg_interfaces/include/cg_interfaces/cg_interfaces/srv/detail/get_map__rosidl_typesupport_fastrtps_c.h
[10.192s] -- Up-to-date: /home/gustavo/Documents/Navega-o-com-ROS/install/cg_interfaces/include/cg_interfaces/cg_interfaces/msg
[10.192s] -- Installing: /home/gustavo/Documents/Navega-o-com-ROS/install/cg_interfaces/include/cg_interfaces/cg_interfaces/msg/rosidl_typesupport_fastrtps_c__visibility_control.h
[10.192s] -- Installing: /home/gustavo/Documents/Navega-o-com-ROS/install/cg_interfaces/lib/libcg_interfaces__rosidl_typesupport_fastrtps_c.so
[10.192s] -- Set runtime path of "/home/gustavo/Documents/Navega-o-com-ROS/install/cg_interfaces/lib/libcg_interfaces__rosidl_typesupport_fastrtps_c.so" to ""
[10.192s] -- Up-to-date: /home/gustavo/Documents/Navega-o-com-ROS/install/cg_interfaces/include/cg_interfaces/cg_interfaces
[10.193s] -- Up-to-date: /home/gustavo/Documents/Navega-o-com-ROS/install/cg_interfaces/include/cg_interfaces/cg_interfaces/srv
[10.193s] -- Up-to-date: /home/gustavo/Documents/Navega-o-com-ROS/install/cg_interfaces/include/cg_interfaces/cg_interfaces/srv/detail
[10.193s] -- Installing: /home/gustavo/Documents/Navega-o-com-ROS/install/cg_interfaces/include/cg_interfaces/cg_interfaces/srv/detail/move_cmd__rosidl_typesupport_introspection_c.h
[10.193s] -- Installing: /home/gustavo/Documents/Navega-o-com-ROS/install/cg_interfaces/include/cg_interfaces/cg_interfaces/srv/detail/move_cmd__type_support.c
[10.193s] -- Installing: /home/gustavo/Documents/Navega-o-com-ROS/install/cg_interfaces/include/cg_interfaces/cg_interfaces/srv/detail/get_map__rosidl_typesupport_introspection_c.h
[10.193s] -- Installing: /home/gustavo/Documents/Navega-o-com-ROS/install/cg_interfaces/include/cg_interfaces/cg_interfaces/srv/detail/get_map__type_support.c
[10.193s] -- Up-to-date: /home/gustavo/Documents/Navega-o-com-ROS/install/cg_interfaces/include/cg_interfaces/cg_interfaces/msg
[10.193s] -- Installing: /home/gustavo/Documents/Navega-o-com-ROS/install/cg_interfaces/include/cg_interfaces/cg_interfaces/msg/rosidl_typesupport_introspection_c__visibility_control.h
[10.193s] -- Installing: /home/gustavo/Documents/Navega-o-com-ROS/install/cg_interfaces/lib/libcg_interfaces__rosidl_typesupport_introspection_c.so
[10.193s] -- Set runtime path of "/home/gustavo/Documents/Navega-o-com-ROS/install/cg_interfaces/lib/libcg_interfaces__rosidl_typesupport_introspection_c.so" to ""
[10.194s] -- Installing: /home/gustavo/Documents/Navega-o-com-ROS/install/cg_interfaces/lib/libcg_interfaces__rosidl_typesupport_c.so
[10.194s] -- Set runtime path of "/home/gustavo/Documents/Navega-o-com-ROS/install/cg_interfaces/lib/libcg_interfaces__rosidl_typesupport_c.so" to ""
[10.194s] -- Up-to-date: /home/gustavo/Documents/Navega-o-com-ROS/install/cg_interfaces/include/cg_interfaces/cg_interfaces
[10.194s] -- Up-to-date: /home/gustavo/Documents/Navega-o-com-ROS/install/cg_interfaces/include/cg_interfaces/cg_interfaces/srv
[10.194s] -- Installing: /home/gustavo/Documents/Navega-o-com-ROS/install/cg_interfaces/include/cg_interfaces/cg_interfaces/srv/get_map.hpp
[10.194s] -- Installing: /home/gustavo/Documents/Navega-o-com-ROS/install/cg_interfaces/include/cg_interfaces/cg_interfaces/srv/move_cmd.hpp
[10.194s] -- Up-to-date: /home/gustavo/Documents/Navega-o-com-ROS/install/cg_interfaces/include/cg_interfaces/cg_interfaces/srv/detail
[10.194s] -- Installing: /home/gustavo/Documents/Navega-o-com-ROS/install/cg_interfaces/include/cg_interfaces/cg_interfaces/srv/detail/get_map__builder.hpp
[10.194s] -- Installing: /home/gustavo/Documents/Navega-o-com-ROS/install/cg_interfaces/include/cg_interfaces/cg_interfaces/srv/detail/move_cmd__builder.hpp
[10.194s] -- Installing: /home/gustavo/Documents/Navega-o-com-ROS/install/cg_interfaces/include/cg_interfaces/cg_interfaces/srv/detail/get_map__traits.hpp
[10.195s] -- Installing: /home/gustavo/Documents/Navega-o-com-ROS/install/cg_interfaces/include/cg_interfaces/cg_interfaces/srv/detail/move_cmd__traits.hpp
[10.195s] -- Installing: /home/gustavo/Documents/Navega-o-com-ROS/install/cg_interfaces/include/cg_interfaces/cg_interfaces/srv/detail/get_map__struct.hpp
[10.195s] -- Installing: /home/gustavo/Documents/Navega-o-com-ROS/install/cg_interfaces/include/cg_interfaces/cg_interfaces/srv/detail/move_cmd__struct.hpp
[10.195s] -- Up-to-date: /home/gustavo/Documents/Navega-o-com-ROS/install/cg_interfaces/include/cg_interfaces/cg_interfaces
[10.195s] -- Up-to-date: /home/gustavo/Documents/Navega-o-com-ROS/install/cg_interfaces/include/cg_interfaces/cg_interfaces/srv
[10.195s] -- Up-to-date: /home/gustavo/Documents/Navega-o-com-ROS/install/cg_interfaces/include/cg_interfaces/cg_interfaces/srv/detail
[10.195s] -- Installing: /home/gustavo/Documents/Navega-o-com-ROS/install/cg_interfaces/include/cg_interfaces/cg_interfaces/srv/detail/get_map__rosidl_typesupport_fastrtps_cpp.hpp
[10.195s] -- Installing: /home/gustavo/Documents/Navega-o-com-ROS/install/cg_interfaces/include/cg_interfaces/cg_interfaces/srv/detail/move_cmd__rosidl_typesupport_fastrtps_cpp.hpp
[10.195s] -- Installing: /home/gustavo/Documents/Navega-o-com-ROS/install/cg_interfaces/include/cg_interfaces/cg_interfaces/srv/detail/dds_fastrtps
[10.195s] -- Up-to-date: /home/gustavo/Documents/Navega-o-com-ROS/install/cg_interfaces/include/cg_interfaces/cg_interfaces/msg
[10.195s] -- Installing: /home/gustavo/Documents/Navega-o-com-ROS/install/cg_interfaces/include/cg_interfaces/cg_interfaces/msg/rosidl_typesupport_fastrtps_cpp__visibility_control.h
[10.196s] -- Installing: /home/gustavo/Documents/Navega-o-com-ROS/install/cg_interfaces/lib/libcg_interfaces__rosidl_typesupport_fastrtps_cpp.so
[10.196s] -- Set runtime path of "/home/gustavo/Documents/Navega-o-com-ROS/install/cg_interfaces/lib/libcg_interfaces__rosidl_typesupport_fastrtps_cpp.so" to ""
[10.196s] -- Up-to-date: /home/gustavo/Documents/Navega-o-com-ROS/install/cg_interfaces/include/cg_interfaces/cg_interfaces
[10.196s] -- Up-to-date: /home/gustavo/Documents/Navega-o-com-ROS/install/cg_interfaces/include/cg_interfaces/cg_interfaces/srv
[10.196s] -- Up-to-date: /home/gustavo/Documents/Navega-o-com-ROS/install/cg_interfaces/include/cg_interfaces/cg_interfaces/srv/detail
[10.196s] -- Installing: /home/gustavo/Documents/Navega-o-com-ROS/install/cg_interfaces/include/cg_interfaces/cg_interfaces/srv/detail/move_cmd__type_support.cpp
[10.196s] -- Installing: /home/gustavo/Documents/Navega-o-com-ROS/install/cg_interfaces/include/cg_interfaces/cg_interfaces/srv/detail/get_map__type_support.cpp
[10.196s] -- Installing: /home/gustavo/Documents/Navega-o-com-ROS/install/cg_interfaces/include/cg_interfaces/cg_interfaces/srv/detail/get_map__rosidl_typesupport_introspection_cpp.hpp
[10.197s] -- Installing: /home/gustavo/Documents/Navega-o-com-ROS/install/cg_interfaces/include/cg_interfaces/cg_interfaces/srv/detail/move_cmd__rosidl_typesupport_introspection_cpp.hpp
[10.197s] -- Installing: /home/gustavo/Documents/Navega-o-com-ROS/install/cg_interfaces/lib/libcg_interfaces__rosidl_typesupport_introspection_cpp.so
[10.197s] -- Set runtime path of "/home/gustavo/Documents/Navega-o-com-ROS/install/cg_interfaces/lib/libcg_interfaces__rosidl_typesupport_introspection_cpp.so" to ""
[10.197s] -- Installing: /home/gustavo/Documents/Navega-o-com-ROS/install/cg_interfaces/lib/libcg_interfaces__rosidl_typesupport_cpp.so
[10.197s] -- Set runtime path of "/home/gustavo/Documents/Navega-o-com-ROS/install/cg_interfaces/lib/libcg_interfaces__rosidl_typesupport_cpp.so" to ""
[10.201s] -- Installing: /home/gustavo/Documents/Navega-o-com-ROS/install/cg_interfaces/share/cg_interfaces/environment/pythonpath.sh
[10.201s] -- Installing: /home/gustavo/Documents/Navega-o-com-ROS/install/cg_interfaces/share/cg_interfaces/environment/pythonpath.dsv
[10.201s] -- Installing: /home/gustavo/Documents/Navega-o-com-ROS/install/cg_interfaces/local/lib/python3.10/dist-packages/cg_interfaces-0.0.0-py3.10.egg-info
[10.201s] -- Installing: /home/gustavo/Documents/Navega-o-com-ROS/install/cg_interfaces/local/lib/python3.10/dist-packages/cg_interfaces-0.0.0-py3.10.egg-info/top_level.txt
[10.201s] -- Installing: /home/gustavo/Documents/Navega-o-com-ROS/install/cg_interfaces/local/lib/python3.10/dist-packages/cg_interfaces-0.0.0-py3.10.egg-info/dependency_links.txt
[10.201s] -- Installing: /home/gustavo/Documents/Navega-o-com-ROS/install/cg_interfaces/local/lib/python3.10/dist-packages/cg_interfaces-0.0.0-py3.10.egg-info/PKG-INFO
[10.201s] -- Installing: /home/gustavo/Documents/Navega-o-com-ROS/install/cg_interfaces/local/lib/python3.10/dist-packages/cg_interfaces-0.0.0-py3.10.egg-info/SOURCES.txt
[10.201s] -- Installing: /home/gustavo/Documents/Navega-o-com-ROS/install/cg_interfaces/local/lib/python3.10/dist-packages/cg_interfaces
[10.201s] -- Installing: /home/gustavo/Documents/Navega-o-com-ROS/install/cg_interfaces/local/lib/python3.10/dist-packages/cg_interfaces/srv
[10.201s] -- Installing: /home/gustavo/Documents/Navega-o-com-ROS/install/cg_interfaces/local/lib/python3.10/dist-packages/cg_interfaces/srv/_get_map_s.c
[10.202s] -- Installing: /home/gustavo/Documents/Navega-o-com-ROS/install/cg_interfaces/local/lib/python3.10/dist-packages/cg_interfaces/srv/_move_cmd_s.c
[10.202s] -- Installing: /home/gustavo/Documents/Navega-o-com-ROS/install/cg_interfaces/local/lib/python3.10/dist-packages/cg_interfaces/srv/_move_cmd.py
[10.202s] -- Installing: /home/gustavo/Documents/Navega-o-com-ROS/install/cg_interfaces/local/lib/python3.10/dist-packages/cg_interfaces/srv/__init__.py
[10.202s] -- Installing: /home/gustavo/Documents/Navega-o-com-ROS/install/cg_interfaces/local/lib/python3.10/dist-packages/cg_interfaces/srv/_get_map.py
[10.202s] -- Installing: /home/gustavo/Documents/Navega-o-com-ROS/install/cg_interfaces/local/lib/python3.10/dist-packages/cg_interfaces/_cg_interfaces_s.ep.rosidl_typesupport_c.c
[10.202s] -- Installing: /home/gustavo/Documents/Navega-o-com-ROS/install/cg_interfaces/local/lib/python3.10/dist-packages/cg_interfaces/cg_interfaces_s__rosidl_typesupport_c.cpython-310-x86_64-linux-gnu.so
[10.202s] -- Installing: /home/gustavo/Documents/Navega-o-com-ROS/install/cg_interfaces/local/lib/python3.10/dist-packages/cg_interfaces/libcg_interfaces__rosidl_generator_py.so
[10.202s] -- Installing: /home/gustavo/Documents/Navega-o-com-ROS/install/cg_interfaces/local/lib/python3.10/dist-packages/cg_interfaces/cg_interfaces_s__rosidl_typesupport_fastrtps_c.cpython-310-x86_64-linux-gnu.so
[10.202s] -- Installing: /home/gustavo/Documents/Navega-o-com-ROS/install/cg_interfaces/local/lib/python3.10/dist-packages/cg_interfaces/cg_interfaces_s__rosidl_typesupport_introspection_c.cpython-310-x86_64-linux-gnu.so
[10.202s] -- Installing: /home/gustavo/Documents/Navega-o-com-ROS/install/cg_interfaces/local/lib/python3.10/dist-packages/cg_interfaces/_cg_interfaces_s.ep.rosidl_typesupport_fastrtps_c.c
[10.202s] -- Installing: /home/gustavo/Documents/Navega-o-com-ROS/install/cg_interfaces/local/lib/python3.10/dist-packages/cg_interfaces/_cg_interfaces_s.ep.rosidl_typesupport_introspection_c.c
[10.202s] -- Installing: /home/gustavo/Documents/Navega-o-com-ROS/install/cg_interfaces/local/lib/python3.10/dist-packages/cg_interfaces/__init__.py
[10.229s] Listing '/home/gustavo/Documents/Navega-o-com-ROS/install/cg_interfaces/local/lib/python3.10/dist-packages/cg_interfaces'...
[10.229s] Compiling '/home/gustavo/Documents/Navega-o-com-ROS/install/cg_interfaces/local/lib/python3.10/dist-packages/cg_interfaces/__init__.py'...
[10.229s] Listing '/home/gustavo/Documents/Navega-o-com-ROS/install/cg_interfaces/local/lib/python3.10/dist-packages/cg_interfaces/srv'...
[10.233s] Compiling '/home/gustavo/Documents/Navega-o-com-ROS/install/cg_interfaces/local/lib/python3.10/dist-packages/cg_interfaces/srv/__init__.py'...
[10.233s] Compiling '/home/gustavo/Documents/Navega-o-com-ROS/install/cg_interfaces/local/lib/python3.10/dist-packages/cg_interfaces/srv/_get_map.py'...
[10.233s] Compiling '/home/gustavo/Documents/Navega-o-com-ROS/install/cg_interfaces/local/lib/python3.10/dist-packages/cg_interfaces/srv/_move_cmd.py'...
[10.234s] -- Installing: /home/gustavo/Documents/Navega-o-com-ROS/install/cg_interfaces/local/lib/python3.10/dist-packages/cg_interfaces/cg_interfaces_s__rosidl_typesupport_fastrtps_c.cpython-310-x86_64-linux-gnu.so
[10.234s] -- Set runtime path of "/home/gustavo/Documents/Navega-o-com-ROS/install/cg_interfaces/local/lib/python3.10/dist-packages/cg_interfaces/cg_interfaces_s__rosidl_typesupport_fastrtps_c.cpython-310-x86_64-linux-gnu.so" to ""
[10.240s] -- Installing: /home/gustavo/Documents/Navega-o-com-ROS/install/cg_interfaces/local/lib/python3.10/dist-packages/cg_interfaces/cg_interfaces_s__rosidl_typesupport_introspection_c.cpython-310-x86_64-linux-gnu.so
[10.240s] -- Set runtime path of "/home/gustavo/Documents/Navega-o-com-ROS/install/cg_interfaces/local/lib/python3.10/dist-packages/cg_interfaces/cg_interfaces_s__rosidl_typesupport_introspection_c.cpython-310-x86_64-linux-gnu.so" to ""
[10.240s] -- Installing: /home/gustavo/Documents/Navega-o-com-ROS/install/cg_interfaces/local/lib/python3.10/dist-packages/cg_interfaces/cg_interfaces_s__rosidl_typesupport_c.cpython-310-x86_64-linux-gnu.so
[10.240s] -- Set runtime path of "/home/gustavo/Documents/Navega-o-com-ROS/install/cg_interfaces/local/lib/python3.10/dist-packages/cg_interfaces/cg_interfaces_s__rosidl_typesupport_c.cpython-310-x86_64-linux-gnu.so" to ""
[10.240s] -- Installing: /home/gustavo/Documents/Navega-o-com-ROS/install/cg_interfaces/lib/libcg_interfaces__rosidl_generator_py.so
[10.241s] -- Set runtime path of "/home/gustavo/Documents/Navega-o-com-ROS/install/cg_interfaces/lib/libcg_interfaces__rosidl_generator_py.so" to ""
[10.241s] -- Installing: /home/gustavo/Documents/Navega-o-com-ROS/install/cg_interfaces/share/cg_interfaces/srv/MoveCmd.idl
[10.241s] -- Installing: /home/gustavo/Documents/Navega-o-com-ROS/install/cg_interfaces/share/cg_interfaces/srv/GetMap.idl
[10.241s] -- Installing: /home/gustavo/Documents/Navega-o-com-ROS/install/cg_interfaces/share/cg_interfaces/srv/MoveCmd.srv
[10.241s] -- Installing: /home/gustavo/Documents/Navega-o-com-ROS/install/cg_interfaces/share/cg_interfaces/srv/MoveCmd_Request.msg
[10.241s] -- Installing: /home/gustavo/Documents/Navega-o-com-ROS/install/cg_interfaces/share/cg_interfaces/srv/MoveCmd_Response.msg
[10.241s] -- Installing: /home/gustavo/Documents/Navega-o-com-ROS/install/cg_interfaces/share/cg_interfaces/srv/GetMap.srv
[10.241s] -- Installing: /home/gustavo/Documents/Navega-o-com-ROS/install/cg_interfaces/share/cg_interfaces/srv/GetMap_Request.msg
[10.242s] -- Installing: /home/gustavo/Documents/Navega-o-com-ROS/install/cg_interfaces/share/cg_interfaces/srv/GetMap_Response.msg
[10.242s] -- Installing: /home/gustavo/Documents/Navega-o-com-ROS/install/cg_interfaces/share/ament_index/resource_index/package_run_dependencies/cg_interfaces
[10.242s] -- Installing: /home/gustavo/Documents/Navega-o-com-ROS/install/cg_interfaces/share/ament_index/resource_index/parent_prefix_path/cg_interfaces
[10.242s] -- Installing: /home/gustavo/Documents/Navega-o-com-ROS/install/cg_interfaces/share/cg_interfaces/environment/ament_prefix_path.sh
[10.242s] -- Installing: /home/gustavo/Documents/Navega-o-com-ROS/install/cg_interfaces/share/cg_interfaces/environment/ament_prefix_path.dsv
[10.242s] -- Installing: /home/gustavo/Documents/Navega-o-com-ROS/install/cg_interfaces/share/cg_interfaces/environment/path.sh
[10.242s] -- Installing: /home/gustavo/Documents/Navega-o-com-ROS/install/cg_interfaces/share/cg_interfaces/environment/path.dsv
[10.242s] -- Installing: /home/gustavo/Documents/Navega-o-com-ROS/install/cg_interfaces/share/cg_interfaces/local_setup.bash
[10.242s] -- Installing: /home/gustavo/Documents/Navega-o-com-ROS/install/cg_interfaces/share/cg_interfaces/local_setup.sh
[10.242s] -- Installing: /home/gustavo/Documents/Navega-o-com-ROS/install/cg_interfaces/share/cg_interfaces/local_setup.zsh
[10.242s] -- Installing: /home/gustavo/Documents/Navega-o-com-ROS/install/cg_interfaces/share/cg_interfaces/local_setup.dsv
[10.242s] -- Installing: /home/gustavo/Documents/Navega-o-com-ROS/install/cg_interfaces/share/cg_interfaces/package.dsv
[10.242s] -- Installing: /home/gustavo/Documents/Navega-o-com-ROS/install/cg_interfaces/share/ament_index/resource_index/packages/cg_interfaces
[10.242s] -- Installing: /home/gustavo/Documents/Navega-o-com-ROS/install/cg_interfaces/share/cg_interfaces/cmake/export_cg_interfaces__rosidl_generator_cExport.cmake
[10.242s] -- Installing: /home/gustavo/Documents/Navega-o-com-ROS/install/cg_interfaces/share/cg_interfaces/cmake/export_cg_interfaces__rosidl_generator_cExport-noconfig.cmake
[10.242s] -- Installing: /home/gustavo/Documents/Navega-o-com-ROS/install/cg_interfaces/share/cg_interfaces/cmake/export_cg_interfaces__rosidl_typesupport_fastrtps_cExport.cmake
[10.242s] -- Installing: /home/gustavo/Documents/Navega-o-com-ROS/install/cg_interfaces/share/cg_interfaces/cmake/export_cg_interfaces__rosidl_typesupport_fastrtps_cExport-noconfig.cmake
[10.243s] -- Installing: /home/gustavo/Documents/Navega-o-com-ROS/install/cg_interfaces/share/cg_interfaces/cmake/cg_interfaces__rosidl_typesupport_introspection_cExport.cmake
[10.243s] -- Installing: /home/gustavo/Documents/Navega-o-com-ROS/install/cg_interfaces/share/cg_interfaces/cmake/cg_interfaces__rosidl_typesupport_introspection_cExport-noconfig.cmake
[10.243s] -- Installing: /home/gustavo/Documents/Navega-o-com-ROS/install/cg_interfaces/share/cg_interfaces/cmake/cg_interfaces__rosidl_typesupport_cExport.cmake
[10.243s] -- Installing: /home/gustavo/Documents/Navega-o-com-ROS/install/cg_interfaces/share/cg_interfaces/cmake/cg_interfaces__rosidl_typesupport_cExport-noconfig.cmake
[10.243s] -- Installing: /home/gustavo/Documents/Navega-o-com-ROS/install/cg_interfaces/share/cg_interfaces/cmake/export_cg_interfaces__rosidl_generator_cppExport.cmake
[10.243s] -- Installing: /home/gustavo/Documents/Navega-o-com-ROS/install/cg_interfaces/share/cg_interfaces/cmake/export_cg_interfaces__rosidl_typesupport_fastrtps_cppExport.cmake
[10.243s] -- Installing: /home/gustavo/Documents/Navega-o-com-ROS/install/cg_interfaces/share/cg_interfaces/cmake/export_cg_interfaces__rosidl_typesupport_fastrtps_cppExport-noconfig.cmake
[10.244s] -- Installing: /home/gustavo/Documents/Navega-o-com-ROS/install/cg_interfaces/share/cg_interfaces/cmake/cg_interfaces__rosidl_typesupport_introspection_cppExport.cmake
[10.244s] -- Installing: /home/gustavo/Documents/Navega-o-com-ROS/install/cg_interfaces/share/cg_interfaces/cmake/cg_interfaces__rosidl_typesupport_introspection_cppExport-noconfig.cmake
[10.244s] -- Installing: /home/gustavo/Documents/Navega-o-com-ROS/install/cg_interfaces/share/cg_interfaces/cmake/cg_interfaces__rosidl_typesupport_cppExport.cmake
[10.244s] -- Installing: /home/gustavo/Documents/Navega-o-com-ROS/install/cg_interfaces/share/cg_interfaces/cmake/cg_interfaces__rosidl_typesupport_cppExport-noconfig.cmake
[10.244s] -- Installing: /home/gustavo/Documents/Navega-o-com-ROS/install/cg_interfaces/share/cg_interfaces/cmake/export_cg_interfaces__rosidl_generator_pyExport.cmake
[10.244s] -- Installing: /home/gustavo/Documents/Navega-o-com-ROS/install/cg_interfaces/share/cg_interfaces/cmake/export_cg_interfaces__rosidl_generator_pyExport-noconfig.cmake
[10.244s] -- Installing: /home/gustavo/Documents/Navega-o-com-ROS/install/cg_interfaces/share/cg_interfaces/cmake/rosidl_cmake-extras.cmake
[10.244s] -- Installing: /home/gustavo/Documents/Navega-o-com-ROS/install/cg_interfaces/share/cg_interfaces/cmake/ament_cmake_export_include_directories-extras.cmake
[10.244s] -- Installing: /home/gustavo/Documents/Navega-o-com-ROS/install/cg_interfaces/share/cg_interfaces/cmake/ament_cmake_export_libraries-extras.cmake
[10.244s] -- Installing: /home/gustavo/Documents/Navega-o-com-ROS/install/cg_interfaces/share/cg_interfaces/cmake/ament_cmake_export_targets-extras.cmake
[10.244s] -- Installing: /home/gustavo/Documents/Navega-o-com-ROS/install/cg_interfaces/share/cg_interfaces/cmake/rosidl_cmake_export_typesupport_targets-extras.cmake
[10.245s] -- Installing: /home/gustavo/Documents/Navega-o-com-ROS/install/cg_interfaces/share/cg_interfaces/cmake/ament_cmake_export_dependencies-extras.cmake
[10.245s] -- Installing: /home/gustavo/Documents/Navega-o-com-ROS/install/cg_interfaces/share/cg_interfaces/cmake/rosidl_cmake_export_typesupport_libraries-extras.cmake
[10.245s] -- Installing: /home/gustavo/Documents/Navega-o-com-ROS/install/cg_interfaces/share/cg_interfaces/cmake/cg_interfacesConfig.cmake
[10.245s] -- Installing: /home/gustavo/Documents/Navega-o-com-ROS/install/cg_interfaces/share/cg_interfaces/cmake/cg_interfacesConfig-version.cmake
[10.245s] -- Installing: /home/gustavo/Documents/Navega-o-com-ROS/install/cg_interfaces/share/cg_interfaces/package.xml
[10.245s] Invoked command in '/home/gustavo/Documents/Navega-o-com-ROS/build/cg_interfaces' returned '0': CMAKE_PREFIX_PATH=/opt/ros/humble /usr/bin/cmake --install /home/gustavo/Documents/Navega-o-com-ROS/build/cg_interfaces
